Classic Timing Analyzer report for Divider
Thu Oct 31 12:50:15 2013
Quartus II Version 9.0 Build 132 02/25/2009 SJ Full Version


---------------------
; Table of Contents ;
---------------------
  1. Legal Notice
  2. Timing Analyzer Summary
  3. Timing Analyzer Settings
  4. Clock Settings Summary
  5. Parallel Compilation
  6. Clock Setup: 'clk_in'
  7. tco
  8. Timing Analyzer Messages



----------------
; Legal Notice ;
----------------
Copyright (C) 1991-2009 Altera Corporation
Your use of Altera Corporation's design tools, logic functions 
and other software and tools, and its AMPP partner logic 
functions, and any output files from any of the foregoing 
(including device programming or simulation files), and any 
associated documentation or information are expressly subject 
to the terms and conditions of the Altera Program License 
Subscription Agreement, Altera MegaCore Function License 
Agreement, or other applicable license agreement, including, 
without limitation, that your use is for the sole purpose of 
programming logic devices manufactured by Altera and sold by 
Altera or its authorized distributors.  Please refer to the 
applicable agreement for further details.



+------------------------------------------------------------------------------------------------------------------------------------------------------------------------------------------------------------------------------------------------------------------------------------------------------------------------------+
; Timing Analyzer Summary                                                                                                                                                                                                                                                                                                      ;
+------------------------------+-------+---------------+------------------------------------------------+---------------------------------------------------------------------------------------+---------------------------------------------------------------------------------------+------------+----------+--------------+
; Type                         ; Slack ; Required Time ; Actual Time                                    ; From                                                                                  ; To                                                                                    ; From Clock ; To Clock ; Failed Paths ;
+------------------------------+-------+---------------+------------------------------------------------+---------------------------------------------------------------------------------------+---------------------------------------------------------------------------------------+------------+----------+--------------+
; Worst-case tco               ; N/A   ; None          ; 6.000 ns                                       ; lpm_counter0:inst|lpm_counter:lpm_counter_component|cntr_upj:auto_generated|safe_q[0] ; clk_out                                                                               ; clk_in     ; --       ; 0            ;
; Clock Setup: 'clk_in'        ; N/A   ; None          ; Restricted to 500.00 MHz ( period = 2.000 ns ) ; lpm_counter0:inst|lpm_counter:lpm_counter_component|cntr_upj:auto_generated|safe_q[0] ; lpm_counter0:inst|lpm_counter:lpm_counter_component|cntr_upj:auto_generated|safe_q[0] ; clk_in     ; clk_in   ; 0            ;
; Total number of failed paths ;       ;               ;                                                ;                                                                                       ;                                                                                       ;            ;          ; 0            ;
+------------------------------+-------+---------------+------------------------------------------------+---------------------------------------------------------------------------------------+---------------------------------------------------------------------------------------+------------+----------+--------------+


+--------------------------------------------------------------------------------------------------------------------+
; Timing Analyzer Settings                                                                                           ;
+---------------------------------------------------------------------+--------------------+------+----+-------------+
; Option                                                              ; Setting            ; From ; To ; Entity Name ;
+---------------------------------------------------------------------+--------------------+------+----+-------------+
; Device Name                                                         ; EP2S15F484C3       ;      ;    ;             ;
; Timing Models                                                       ; Final              ;      ;    ;             ;
; Default hold multicycle                                             ; Same as Multicycle ;      ;    ;             ;
; Cut paths between unrelated clock domains                           ; On                 ;      ;    ;             ;
; Cut off read during write signal paths                              ; On                 ;      ;    ;             ;
; Cut off feedback from I/O pins                                      ; On                 ;      ;    ;             ;
; Report Combined Fast/Slow Timing                                    ; Off                ;      ;    ;             ;
; Ignore Clock Settings                                               ; Off                ;      ;    ;             ;
; Analyze latches as synchronous elements                             ; On                 ;      ;    ;             ;
; Enable Recovery/Removal analysis                                    ; Off                ;      ;    ;             ;
; Enable Clock Latency                                                ; Off                ;      ;    ;             ;
; Use TimeQuest Timing Analyzer                                       ; Off                ;      ;    ;             ;
; Number of source nodes to report per destination node               ; 10                 ;      ;    ;             ;
; Number of destination nodes to report                               ; 10                 ;      ;    ;             ;
; Number of paths to report                                           ; 200                ;      ;    ;             ;
; Report Minimum Timing Checks                                        ; Off                ;      ;    ;             ;
; Use Fast Timing Models                                              ; Off                ;      ;    ;             ;
; Report IO Paths Separately                                          ; Off                ;      ;    ;             ;
; Perform Multicorner Analysis                                        ; On                 ;      ;    ;             ;
; Reports the worst-case path for each clock domain and analysis      ; Off                ;      ;    ;             ;
; Removes common clock path pessimism (CCPP) during slack computation ; Off                ;      ;    ;             ;
; Output I/O Timing Endpoint                                          ; Near End           ;      ;    ;             ;
+---------------------------------------------------------------------+--------------------+------+----+-------------+


+------------------------------------------------------------------------------------------------------------------------------------------------------------------------------------+
; Clock Settings Summary                                                                                                                                                             ;
+-----------------+--------------------+----------+------------------+---------------+--------------+----------+-----------------------+---------------------+--------+--------------+
; Clock Node Name ; Clock Setting Name ; Type     ; Fmax Requirement ; Early Latency ; Late Latency ; Based on ; Multiply Base Fmax by ; Divide Base Fmax by ; Offset ; Phase offset ;
+-----------------+--------------------+----------+------------------+---------------+--------------+----------+-----------------------+---------------------+--------+--------------+
; clk_in          ;                    ; User Pin ; None             ; 0.000 ns      ; 0.000 ns     ; --       ; N/A                   ; N/A                 ; N/A    ;              ;
+-----------------+--------------------+----------+------------------+---------------+--------------+----------+-----------------------+---------------------+--------+--------------+


+------------------------------------------+
; Parallel Compilation                     ;
+----------------------------+-------------+
; Processors                 ; Number      ;
+----------------------------+-------------+
; Number detected on machine ; 2           ;
; Maximum allowed            ; 2           ;
;                            ;             ;
; Average used               ; 1.00        ;
; Maximum used               ; 1           ;
;                            ;             ;
; Usage by Processor         ; % Time Used ;
;     1 processor            ; 100.0%      ;
;     2 processors           ;   0.0%      ;
+----------------------------+-------------+


+----------------------------------------------------------------------------------------------------------------------------------------------------------------------------------------------------------------------------------------------------------------------------------------------------------------------------------------------------+
; Clock Setup: 'clk_in'                                                                                                                                                                                                                                                                                                                              ;
+-------+------------------------------------------------+---------------------------------------------------------------------------------------+---------------------------------------------------------------------------------------+------------+----------+-----------------------------+---------------------------+-------------------------+
; Slack ; Actual fmax (period)                           ; From                                                                                  ; To                                                                                    ; From Clock ; To Clock ; Required Setup Relationship ; Required Longest P2P Time ; Actual Longest P2P Time ;
+-------+------------------------------------------------+---------------------------------------------------------------------------------------+---------------------------------------------------------------------------------------+------------+----------+-----------------------------+---------------------------+-------------------------+
; N/A   ; Restricted to 500.00 MHz ( period = 2.000 ns ) ; lpm_counter0:inst|lpm_counter:lpm_counter_component|cntr_upj:auto_generated|safe_q[0] ; lpm_counter0:inst|lpm_counter:lpm_counter_component|cntr_upj:auto_generated|safe_q[8] ; clk_in     ; clk_in   ; None                        ; None                      ; 1.702 ns                ;
; N/A   ; Restricted to 500.00 MHz ( period = 2.000 ns ) ; lpm_counter0:inst|lpm_counter:lpm_counter_component|cntr_upj:auto_generated|safe_q[0] ; lpm_counter0:inst|lpm_counter:lpm_counter_component|cntr_upj:auto_generated|safe_q[7] ; clk_in     ; clk_in   ; None                        ; None                      ; 1.702 ns                ;
; N/A   ; Restricted to 500.00 MHz ( period = 2.000 ns ) ; lpm_counter0:inst|lpm_counter:lpm_counter_component|cntr_upj:auto_generated|safe_q[0] ; lpm_counter0:inst|lpm_counter:lpm_counter_component|cntr_upj:auto_generated|safe_q[6] ; clk_in     ; clk_in   ; None                        ; None                      ; 1.702 ns                ;
; N/A   ; Restricted to 500.00 MHz ( period = 2.000 ns ) ; lpm_counter0:inst|lpm_counter:lpm_counter_component|cntr_upj:auto_generated|safe_q[0] ; lpm_counter0:inst|lpm_counter:lpm_counter_component|cntr_upj:auto_generated|safe_q[5] ; clk_in     ; clk_in   ; None                        ; None                      ; 1.702 ns                ;
; N/A   ; Restricted to 500.00 MHz ( period = 2.000 ns ) ; lpm_counter0:inst|lpm_counter:lpm_counter_component|cntr_upj:auto_generated|safe_q[0] ; lpm_counter0:inst|lpm_counter:lpm_counter_component|cntr_upj:auto_generated|safe_q[4] ; clk_in     ; clk_in   ; None                        ; None                      ; 1.702 ns                ;
; N/A   ; Restricted to 500.00 MHz ( period = 2.000 ns ) ; lpm_counter0:inst|lpm_counter:lpm_counter_component|cntr_upj:auto_generated|safe_q[0] ; lpm_counter0:inst|lpm_counter:lpm_counter_component|cntr_upj:auto_generated|safe_q[3] ; clk_in     ; clk_in   ; None                        ; None                      ; 1.702 ns                ;
; N/A   ; Restricted to 500.00 MHz ( period = 2.000 ns ) ; lpm_counter0:inst|lpm_counter:lpm_counter_component|cntr_upj:auto_generated|safe_q[0] ; lpm_counter0:inst|lpm_counter:lpm_counter_component|cntr_upj:auto_generated|safe_q[2] ; clk_in     ; clk_in   ; None                        ; None                      ; 1.702 ns                ;
; N/A   ; Restricted to 500.00 MHz ( period = 2.000 ns ) ; lpm_counter0:inst|lpm_counter:lpm_counter_component|cntr_upj:auto_generated|safe_q[0] ; lpm_counter0:inst|lpm_counter:lpm_counter_component|cntr_upj:auto_generated|safe_q[1] ; clk_in     ; clk_in   ; None                        ; None                      ; 1.702 ns                ;
; N/A   ; Restricted to 500.00 MHz ( period = 2.000 ns ) ; lpm_counter0:inst|lpm_counter:lpm_counter_component|cntr_upj:auto_generated|safe_q[0] ; lpm_counter0:inst|lpm_counter:lpm_counter_component|cntr_upj:auto_generated|safe_q[0] ; clk_in     ; clk_in   ; None                        ; None                      ; 1.702 ns                ;
; N/A   ; Restricted to 500.00 MHz ( period = 2.000 ns ) ; lpm_counter0:inst|lpm_counter:lpm_counter_component|cntr_upj:auto_generated|safe_q[1] ; lpm_counter0:inst|lpm_counter:lpm_counter_component|cntr_upj:auto_generated|safe_q[8] ; clk_in     ; clk_in   ; None                        ; None                      ; 1.667 ns                ;
; N/A   ; Restricted to 500.00 MHz ( period = 2.000 ns ) ; lpm_counter0:inst|lpm_counter:lpm_counter_component|cntr_upj:auto_generated|safe_q[1] ; lpm_counter0:inst|lpm_counter:lpm_counter_component|cntr_upj:auto_generated|safe_q[7] ; clk_in     ; clk_in   ; None                        ; None                      ; 1.667 ns                ;
; N/A   ; Restricted to 500.00 MHz ( period = 2.000 ns ) ; lpm_counter0:inst|lpm_counter:lpm_counter_component|cntr_upj:auto_generated|safe_q[1] ; lpm_counter0:inst|lpm_counter:lpm_counter_component|cntr_upj:auto_generated|safe_q[6] ; clk_in     ; clk_in   ; None                        ; None                      ; 1.667 ns                ;
; N/A   ; Restricted to 500.00 MHz ( period = 2.000 ns ) ; lpm_counter0:inst|lpm_counter:lpm_counter_component|cntr_upj:auto_generated|safe_q[1] ; lpm_counter0:inst|lpm_counter:lpm_counter_component|cntr_upj:auto_generated|safe_q[5] ; clk_in     ; clk_in   ; None                        ; None                      ; 1.667 ns                ;
; N/A   ; Restricted to 500.00 MHz ( period = 2.000 ns ) ; lpm_counter0:inst|lpm_counter:lpm_counter_component|cntr_upj:auto_generated|safe_q[1] ; lpm_counter0:inst|lpm_counter:lpm_counter_component|cntr_upj:auto_generated|safe_q[4] ; clk_in     ; clk_in   ; None                        ; None                      ; 1.667 ns                ;
; N/A   ; Restricted to 500.00 MHz ( period = 2.000 ns ) ; lpm_counter0:inst|lpm_counter:lpm_counter_component|cntr_upj:auto_generated|safe_q[1] ; lpm_counter0:inst|lpm_counter:lpm_counter_component|cntr_upj:auto_generated|safe_q[3] ; clk_in     ; clk_in   ; None                        ; None                      ; 1.667 ns                ;
; N/A   ; Restricted to 500.00 MHz ( period = 2.000 ns ) ; lpm_counter0:inst|lpm_counter:lpm_counter_component|cntr_upj:auto_generated|safe_q[1] ; lpm_counter0:inst|lpm_counter:lpm_counter_component|cntr_upj:auto_generated|safe_q[2] ; clk_in     ; clk_in   ; None                        ; None                      ; 1.667 ns                ;
; N/A   ; Restricted to 500.00 MHz ( period = 2.000 ns ) ; lpm_counter0:inst|lpm_counter:lpm_counter_component|cntr_upj:auto_generated|safe_q[1] ; lpm_counter0:inst|lpm_counter:lpm_counter_component|cntr_upj:auto_generated|safe_q[1] ; clk_in     ; clk_in   ; None                        ; None                      ; 1.667 ns                ;
; N/A   ; Restricted to 500.00 MHz ( period = 2.000 ns ) ; lpm_counter0:inst|lpm_counter:lpm_counter_component|cntr_upj:auto_generated|safe_q[1] ; lpm_counter0:inst|lpm_counter:lpm_counter_component|cntr_upj:auto_generated|safe_q[0] ; clk_in     ; clk_in   ; None                        ; None                      ; 1.667 ns                ;
; N/A   ; Restricted to 500.00 MHz ( period = 2.000 ns ) ; lpm_counter0:inst|lpm_counter:lpm_counter_component|cntr_upj:auto_generated|safe_q[2] ; lpm_counter0:inst|lpm_counter:lpm_counter_component|cntr_upj:auto_generated|safe_q[8] ; clk_in     ; clk_in   ; None                        ; None                      ; 1.632 ns                ;
; N/A   ; Restricted to 500.00 MHz ( period = 2.000 ns ) ; lpm_counter0:inst|lpm_counter:lpm_counter_component|cntr_upj:auto_generated|safe_q[2] ; lpm_counter0:inst|lpm_counter:lpm_counter_component|cntr_upj:auto_generated|safe_q[7] ; clk_in     ; clk_in   ; None                        ; None                      ; 1.632 ns                ;
; N/A   ; Restricted to 500.00 MHz ( period = 2.000 ns ) ; lpm_counter0:inst|lpm_counter:lpm_counter_component|cntr_upj:auto_generated|safe_q[2] ; lpm_counter0:inst|lpm_counter:lpm_counter_component|cntr_upj:auto_generated|safe_q[6] ; clk_in     ; clk_in   ; None                        ; None                      ; 1.632 ns                ;
; N/A   ; Restricted to 500.00 MHz ( period = 2.000 ns ) ; lpm_counter0:inst|lpm_counter:lpm_counter_component|cntr_upj:auto_generated|safe_q[2] ; lpm_counter0:inst|lpm_counter:lpm_counter_component|cntr_upj:auto_generated|safe_q[5] ; clk_in     ; clk_in   ; None                        ; None                      ; 1.632 ns                ;
; N/A   ; Restricted to 500.00 MHz ( period = 2.000 ns ) ; lpm_counter0:inst|lpm_counter:lpm_counter_component|cntr_upj:auto_generated|safe_q[2] ; lpm_counter0:inst|lpm_counter:lpm_counter_component|cntr_upj:auto_generated|safe_q[4] ; clk_in     ; clk_in   ; None                        ; None                      ; 1.632 ns                ;
; N/A   ; Restricted to 500.00 MHz ( period = 2.000 ns ) ; lpm_counter0:inst|lpm_counter:lpm_counter_component|cntr_upj:auto_generated|safe_q[2] ; lpm_counter0:inst|lpm_counter:lpm_counter_component|cntr_upj:auto_generated|safe_q[3] ; clk_in     ; clk_in   ; None                        ; None                      ; 1.632 ns                ;
; N/A   ; Restricted to 500.00 MHz ( period = 2.000 ns ) ; lpm_counter0:inst|lpm_counter:lpm_counter_component|cntr_upj:auto_generated|safe_q[2] ; lpm_counter0:inst|lpm_counter:lpm_counter_component|cntr_upj:auto_generated|safe_q[2] ; clk_in     ; clk_in   ; None                        ; None                      ; 1.632 ns                ;
; N/A   ; Restricted to 500.00 MHz ( period = 2.000 ns ) ; lpm_counter0:inst|lpm_counter:lpm_counter_component|cntr_upj:auto_generated|safe_q[2] ; lpm_counter0:inst|lpm_counter:lpm_counter_component|cntr_upj:auto_generated|safe_q[1] ; clk_in     ; clk_in   ; None                        ; None                      ; 1.632 ns                ;
; N/A   ; Restricted to 500.00 MHz ( period = 2.000 ns ) ; lpm_counter0:inst|lpm_counter:lpm_counter_component|cntr_upj:auto_generated|safe_q[2] ; lpm_counter0:inst|lpm_counter:lpm_counter_component|cntr_upj:auto_generated|safe_q[0] ; clk_in     ; clk_in   ; None                        ; None                      ; 1.632 ns                ;
; N/A   ; Restricted to 500.00 MHz ( period = 2.000 ns ) ; lpm_counter0:inst|lpm_counter:lpm_counter_component|cntr_upj:auto_generated|safe_q[3] ; lpm_counter0:inst|lpm_counter:lpm_counter_component|cntr_upj:auto_generated|safe_q[8] ; clk_in     ; clk_in   ; None                        ; None                      ; 1.597 ns                ;
; N/A   ; Restricted to 500.00 MHz ( period = 2.000 ns ) ; lpm_counter0:inst|lpm_counter:lpm_counter_component|cntr_upj:auto_generated|safe_q[3] ; lpm_counter0:inst|lpm_counter:lpm_counter_component|cntr_upj:auto_generated|safe_q[7] ; clk_in     ; clk_in   ; None                        ; None                      ; 1.597 ns                ;
; N/A   ; Restricted to 500.00 MHz ( period = 2.000 ns ) ; lpm_counter0:inst|lpm_counter:lpm_counter_component|cntr_upj:auto_generated|safe_q[3] ; lpm_counter0:inst|lpm_counter:lpm_counter_component|cntr_upj:auto_generated|safe_q[6] ; clk_in     ; clk_in   ; None                        ; None                      ; 1.597 ns                ;
; N/A   ; Restricted to 500.00 MHz ( period = 2.000 ns ) ; lpm_counter0:inst|lpm_counter:lpm_counter_component|cntr_upj:auto_generated|safe_q[3] ; lpm_counter0:inst|lpm_counter:lpm_counter_component|cntr_upj:auto_generated|safe_q[5] ; clk_in     ; clk_in   ; None                        ; None                      ; 1.597 ns                ;
; N/A   ; Restricted to 500.00 MHz ( period = 2.000 ns ) ; lpm_counter0:inst|lpm_counter:lpm_counter_component|cntr_upj:auto_generated|safe_q[3] ; lpm_counter0:inst|lpm_counter:lpm_counter_component|cntr_upj:auto_generated|safe_q[4] ; clk_in     ; clk_in   ; None                        ; None                      ; 1.597 ns                ;
; N/A   ; Restricted to 500.00 MHz ( period = 2.000 ns ) ; lpm_counter0:inst|lpm_counter:lpm_counter_component|cntr_upj:auto_generated|safe_q[3] ; lpm_counter0:inst|lpm_counter:lpm_counter_component|cntr_upj:auto_generated|safe_q[3] ; clk_in     ; clk_in   ; None                        ; None                      ; 1.597 ns                ;
; N/A   ; Restricted to 500.00 MHz ( period = 2.000 ns ) ; lpm_counter0:inst|lpm_counter:lpm_counter_component|cntr_upj:auto_generated|safe_q[3] ; lpm_counter0:inst|lpm_counter:lpm_counter_component|cntr_upj:auto_generated|safe_q[2] ; clk_in     ; clk_in   ; None                        ; None                      ; 1.597 ns                ;
; N/A   ; Restricted to 500.00 MHz ( period = 2.000 ns ) ; lpm_counter0:inst|lpm_counter:lpm_counter_component|cntr_upj:auto_generated|safe_q[3] ; lpm_counter0:inst|lpm_counter:lpm_counter_component|cntr_upj:auto_generated|safe_q[1] ; clk_in     ; clk_in   ; None                        ; None                      ; 1.597 ns                ;
; N/A   ; Restricted to 500.00 MHz ( period = 2.000 ns ) ; lpm_counter0:inst|lpm_counter:lpm_counter_component|cntr_upj:auto_generated|safe_q[3] ; lpm_counter0:inst|lpm_counter:lpm_counter_component|cntr_upj:auto_generated|safe_q[0] ; clk_in     ; clk_in   ; None                        ; None                      ; 1.597 ns                ;
; N/A   ; Restricted to 500.00 MHz ( period = 2.000 ns ) ; lpm_counter0:inst|lpm_counter:lpm_counter_component|cntr_upj:auto_generated|safe_q[4] ; lpm_counter0:inst|lpm_counter:lpm_counter_component|cntr_upj:auto_generated|safe_q[8] ; clk_in     ; clk_in   ; None                        ; None                      ; 1.562 ns                ;
; N/A   ; Restricted to 500.00 MHz ( period = 2.000 ns ) ; lpm_counter0:inst|lpm_counter:lpm_counter_component|cntr_upj:auto_generated|safe_q[4] ; lpm_counter0:inst|lpm_counter:lpm_counter_component|cntr_upj:auto_generated|safe_q[7] ; clk_in     ; clk_in   ; None                        ; None                      ; 1.562 ns                ;
; N/A   ; Restricted to 500.00 MHz ( period = 2.000 ns ) ; lpm_counter0:inst|lpm_counter:lpm_counter_component|cntr_upj:auto_generated|safe_q[4] ; lpm_counter0:inst|lpm_counter:lpm_counter_component|cntr_upj:auto_generated|safe_q[6] ; clk_in     ; clk_in   ; None                        ; None                      ; 1.562 ns                ;
; N/A   ; Restricted to 500.00 MHz ( period = 2.000 ns ) ; lpm_counter0:inst|lpm_counter:lpm_counter_component|cntr_upj:auto_generated|safe_q[4] ; lpm_counter0:inst|lpm_counter:lpm_counter_component|cntr_upj:auto_generated|safe_q[5] ; clk_in     ; clk_in   ; None                        ; None                      ; 1.562 ns                ;
; N/A   ; Restricted to 500.00 MHz ( period = 2.000 ns ) ; lpm_counter0:inst|lpm_counter:lpm_counter_component|cntr_upj:auto_generated|safe_q[4] ; lpm_counter0:inst|lpm_counter:lpm_counter_component|cntr_upj:auto_generated|safe_q[4] ; clk_in     ; clk_in   ; None                        ; None                      ; 1.562 ns                ;
; N/A   ; Restricted to 500.00 MHz ( period = 2.000 ns ) ; lpm_counter0:inst|lpm_counter:lpm_counter_component|cntr_upj:auto_generated|safe_q[4] ; lpm_counter0:inst|lpm_counter:lpm_counter_component|cntr_upj:auto_generated|safe_q[3] ; clk_in     ; clk_in   ; None                        ; None                      ; 1.562 ns                ;
; N/A   ; Restricted to 500.00 MHz ( period = 2.000 ns ) ; lpm_counter0:inst|lpm_counter:lpm_counter_component|cntr_upj:auto_generated|safe_q[4] ; lpm_counter0:inst|lpm_counter:lpm_counter_component|cntr_upj:auto_generated|safe_q[2] ; clk_in     ; clk_in   ; None                        ; None                      ; 1.562 ns                ;
; N/A   ; Restricted to 500.00 MHz ( period = 2.000 ns ) ; lpm_counter0:inst|lpm_counter:lpm_counter_component|cntr_upj:auto_generated|safe_q[4] ; lpm_counter0:inst|lpm_counter:lpm_counter_component|cntr_upj:auto_generated|safe_q[1] ; clk_in     ; clk_in   ; None                        ; None                      ; 1.562 ns                ;
; N/A   ; Restricted to 500.00 MHz ( period = 2.000 ns ) ; lpm_counter0:inst|lpm_counter:lpm_counter_component|cntr_upj:auto_generated|safe_q[4] ; lpm_counter0:inst|lpm_counter:lpm_counter_component|cntr_upj:auto_generated|safe_q[0] ; clk_in     ; clk_in   ; None                        ; None                      ; 1.562 ns                ;
; N/A   ; Restricted to 500.00 MHz ( period = 2.000 ns ) ; lpm_counter0:inst|lpm_counter:lpm_counter_component|cntr_upj:auto_generated|safe_q[5] ; lpm_counter0:inst|lpm_counter:lpm_counter_component|cntr_upj:auto_generated|safe_q[8] ; clk_in     ; clk_in   ; None                        ; None                      ; 1.527 ns                ;
; N/A   ; Restricted to 500.00 MHz ( period = 2.000 ns ) ; lpm_counter0:inst|lpm_counter:lpm_counter_component|cntr_upj:auto_generated|safe_q[5] ; lpm_counter0:inst|lpm_counter:lpm_counter_component|cntr_upj:auto_generated|safe_q[7] ; clk_in     ; clk_in   ; None                        ; None                      ; 1.527 ns                ;
; N/A   ; Restricted to 500.00 MHz ( period = 2.000 ns ) ; lpm_counter0:inst|lpm_counter:lpm_counter_component|cntr_upj:auto_generated|safe_q[5] ; lpm_counter0:inst|lpm_counter:lpm_counter_component|cntr_upj:auto_generated|safe_q[6] ; clk_in     ; clk_in   ; None                        ; None                      ; 1.527 ns                ;
; N/A   ; Restricted to 500.00 MHz ( period = 2.000 ns ) ; lpm_counter0:inst|lpm_counter:lpm_counter_component|cntr_upj:auto_generated|safe_q[5] ; lpm_counter0:inst|lpm_counter:lpm_counter_component|cntr_upj:auto_generated|safe_q[5] ; clk_in     ; clk_in   ; None                        ; None                      ; 1.527 ns                ;
; N/A   ; Restricted to 500.00 MHz ( period = 2.000 ns ) ; lpm_counter0:inst|lpm_counter:lpm_counter_component|cntr_upj:auto_generated|safe_q[5] ; lpm_counter0:inst|lpm_counter:lpm_counter_component|cntr_upj:auto_generated|safe_q[4] ; clk_in     ; clk_in   ; None                        ; None                      ; 1.527 ns                ;
; N/A   ; Restricted to 500.00 MHz ( period = 2.000 ns ) ; lpm_counter0:inst|lpm_counter:lpm_counter_component|cntr_upj:auto_generated|safe_q[5] ; lpm_counter0:inst|lpm_counter:lpm_counter_component|cntr_upj:auto_generated|safe_q[3] ; clk_in     ; clk_in   ; None                        ; None                      ; 1.527 ns                ;
; N/A   ; Restricted to 500.00 MHz ( period = 2.000 ns ) ; lpm_counter0:inst|lpm_counter:lpm_counter_component|cntr_upj:auto_generated|safe_q[5] ; lpm_counter0:inst|lpm_counter:lpm_counter_component|cntr_upj:auto_generated|safe_q[2] ; clk_in     ; clk_in   ; None                        ; None                      ; 1.527 ns                ;
; N/A   ; Restricted to 500.00 MHz ( period = 2.000 ns ) ; lpm_counter0:inst|lpm_counter:lpm_counter_component|cntr_upj:auto_generated|safe_q[5] ; lpm_counter0:inst|lpm_counter:lpm_counter_component|cntr_upj:auto_generated|safe_q[1] ; clk_in     ; clk_in   ; None                        ; None                      ; 1.527 ns                ;
; N/A   ; Restricted to 500.00 MHz ( period = 2.000 ns ) ; lpm_counter0:inst|lpm_counter:lpm_counter_component|cntr_upj:auto_generated|safe_q[5] ; lpm_counter0:inst|lpm_counter:lpm_counter_component|cntr_upj:auto_generated|safe_q[0] ; clk_in     ; clk_in   ; None                        ; None                      ; 1.527 ns                ;
; N/A   ; Restricted to 500.00 MHz ( period = 2.000 ns ) ; lpm_counter0:inst|lpm_counter:lpm_counter_component|cntr_upj:auto_generated|safe_q[6] ; lpm_counter0:inst|lpm_counter:lpm_counter_component|cntr_upj:auto_generated|safe_q[8] ; clk_in     ; clk_in   ; None                        ; None                      ; 1.492 ns                ;
; N/A   ; Restricted to 500.00 MHz ( period = 2.000 ns ) ; lpm_counter0:inst|lpm_counter:lpm_counter_component|cntr_upj:auto_generated|safe_q[6] ; lpm_counter0:inst|lpm_counter:lpm_counter_component|cntr_upj:auto_generated|safe_q[7] ; clk_in     ; clk_in   ; None                        ; None                      ; 1.492 ns                ;
; N/A   ; Restricted to 500.00 MHz ( period = 2.000 ns ) ; lpm_counter0:inst|lpm_counter:lpm_counter_component|cntr_upj:auto_generated|safe_q[6] ; lpm_counter0:inst|lpm_counter:lpm_counter_component|cntr_upj:auto_generated|safe_q[6] ; clk_in     ; clk_in   ; None                        ; None                      ; 1.492 ns                ;
; N/A   ; Restricted to 500.00 MHz ( period = 2.000 ns ) ; lpm_counter0:inst|lpm_counter:lpm_counter_component|cntr_upj:auto_generated|safe_q[6] ; lpm_counter0:inst|lpm_counter:lpm_counter_component|cntr_upj:auto_generated|safe_q[5] ; clk_in     ; clk_in   ; None                        ; None                      ; 1.492 ns                ;
; N/A   ; Restricted to 500.00 MHz ( period = 2.000 ns ) ; lpm_counter0:inst|lpm_counter:lpm_counter_component|cntr_upj:auto_generated|safe_q[6] ; lpm_counter0:inst|lpm_counter:lpm_counter_component|cntr_upj:auto_generated|safe_q[4] ; clk_in     ; clk_in   ; None                        ; None                      ; 1.492 ns                ;
; N/A   ; Restricted to 500.00 MHz ( period = 2.000 ns ) ; lpm_counter0:inst|lpm_counter:lpm_counter_component|cntr_upj:auto_generated|safe_q[6] ; lpm_counter0:inst|lpm_counter:lpm_counter_component|cntr_upj:auto_generated|safe_q[3] ; clk_in     ; clk_in   ; None                        ; None                      ; 1.492 ns                ;
; N/A   ; Restricted to 500.00 MHz ( period = 2.000 ns ) ; lpm_counter0:inst|lpm_counter:lpm_counter_component|cntr_upj:auto_generated|safe_q[6] ; lpm_counter0:inst|lpm_counter:lpm_counter_component|cntr_upj:auto_generated|safe_q[2] ; clk_in     ; clk_in   ; None                        ; None                      ; 1.492 ns                ;
; N/A   ; Restricted to 500.00 MHz ( period = 2.000 ns ) ; lpm_counter0:inst|lpm_counter:lpm_counter_component|cntr_upj:auto_generated|safe_q[6] ; lpm_counter0:inst|lpm_counter:lpm_counter_component|cntr_upj:auto_generated|safe_q[1] ; clk_in     ; clk_in   ; None                        ; None                      ; 1.492 ns                ;
; N/A   ; Restricted to 500.00 MHz ( period = 2.000 ns ) ; lpm_counter0:inst|lpm_counter:lpm_counter_component|cntr_upj:auto_generated|safe_q[6] ; lpm_counter0:inst|lpm_counter:lpm_counter_component|cntr_upj:auto_generated|safe_q[0] ; clk_in     ; clk_in   ; None                        ; None                      ; 1.492 ns                ;
; N/A   ; Restricted to 500.00 MHz ( period = 2.000 ns ) ; lpm_counter0:inst|lpm_counter:lpm_counter_component|cntr_upj:auto_generated|safe_q[7] ; lpm_counter0:inst|lpm_counter:lpm_counter_component|cntr_upj:auto_generated|safe_q[8] ; clk_in     ; clk_in   ; None                        ; None                      ; 1.430 ns                ;
; N/A   ; Restricted to 500.00 MHz ( period = 2.000 ns ) ; lpm_counter0:inst|lpm_counter:lpm_counter_component|cntr_upj:auto_generated|safe_q[7] ; lpm_counter0:inst|lpm_counter:lpm_counter_component|cntr_upj:auto_generated|safe_q[7] ; clk_in     ; clk_in   ; None                        ; None                      ; 1.430 ns                ;
; N/A   ; Restricted to 500.00 MHz ( period = 2.000 ns ) ; lpm_counter0:inst|lpm_counter:lpm_counter_component|cntr_upj:auto_generated|safe_q[7] ; lpm_counter0:inst|lpm_counter:lpm_counter_component|cntr_upj:auto_generated|safe_q[6] ; clk_in     ; clk_in   ; None                        ; None                      ; 1.430 ns                ;
; N/A   ; Restricted to 500.00 MHz ( period = 2.000 ns ) ; lpm_counter0:inst|lpm_counter:lpm_counter_component|cntr_upj:auto_generated|safe_q[7] ; lpm_counter0:inst|lpm_counter:lpm_counter_component|cntr_upj:auto_generated|safe_q[5] ; clk_in     ; clk_in   ; None                        ; None                      ; 1.430 ns                ;
; N/A   ; Restricted to 500.00 MHz ( period = 2.000 ns ) ; lpm_counter0:inst|lpm_counter:lpm_counter_component|cntr_upj:auto_generated|safe_q[7] ; lpm_counter0:inst|lpm_counter:lpm_counter_component|cntr_upj:auto_generated|safe_q[4] ; clk_in     ; clk_in   ; None                        ; None                      ; 1.430 ns                ;
; N/A   ; Restricted to 500.00 MHz ( period = 2.000 ns ) ; lpm_counter0:inst|lpm_counter:lpm_counter_component|cntr_upj:auto_generated|safe_q[7] ; lpm_counter0:inst|lpm_counter:lpm_counter_component|cntr_upj:auto_generated|safe_q[3] ; clk_in     ; clk_in   ; None                        ; None                      ; 1.430 ns                ;
; N/A   ; Restricted to 500.00 MHz ( period = 2.000 ns ) ; lpm_counter0:inst|lpm_counter:lpm_counter_component|cntr_upj:auto_generated|safe_q[7] ; lpm_counter0:inst|lpm_counter:lpm_counter_component|cntr_upj:auto_generated|safe_q[2] ; clk_in     ; clk_in   ; None                        ; None                      ; 1.430 ns                ;
; N/A   ; Restricted to 500.00 MHz ( period = 2.000 ns ) ; lpm_counter0:inst|lpm_counter:lpm_counter_component|cntr_upj:auto_generated|safe_q[7] ; lpm_counter0:inst|lpm_counter:lpm_counter_component|cntr_upj:auto_generated|safe_q[1] ; clk_in     ; clk_in   ; None                        ; None                      ; 1.430 ns                ;
; N/A   ; Restricted to 500.00 MHz ( period = 2.000 ns ) ; lpm_counter0:inst|lpm_counter:lpm_counter_component|cntr_upj:auto_generated|safe_q[7] ; lpm_counter0:inst|lpm_counter:lpm_counter_component|cntr_upj:auto_generated|safe_q[0] ; clk_in     ; clk_in   ; None                        ; None                      ; 1.430 ns                ;
; N/A   ; Restricted to 500.00 MHz ( period = 2.000 ns ) ; lpm_counter0:inst|lpm_counter:lpm_counter_component|cntr_upj:auto_generated|safe_q[8] ; lpm_counter0:inst|lpm_counter:lpm_counter_component|cntr_upj:auto_generated|safe_q[8] ; clk_in     ; clk_in   ; None                        ; None                      ; 1.361 ns                ;
; N/A   ; Restricted to 500.00 MHz ( period = 2.000 ns ) ; lpm_counter0:inst|lpm_counter:lpm_counter_component|cntr_upj:auto_generated|safe_q[8] ; lpm_counter0:inst|lpm_counter:lpm_counter_component|cntr_upj:auto_generated|safe_q[7] ; clk_in     ; clk_in   ; None                        ; None                      ; 1.361 ns                ;
; N/A   ; Restricted to 500.00 MHz ( period = 2.000 ns ) ; lpm_counter0:inst|lpm_counter:lpm_counter_component|cntr_upj:auto_generated|safe_q[8] ; lpm_counter0:inst|lpm_counter:lpm_counter_component|cntr_upj:auto_generated|safe_q[6] ; clk_in     ; clk_in   ; None                        ; None                      ; 1.361 ns                ;
; N/A   ; Restricted to 500.00 MHz ( period = 2.000 ns ) ; lpm_counter0:inst|lpm_counter:lpm_counter_component|cntr_upj:auto_generated|safe_q[8] ; lpm_counter0:inst|lpm_counter:lpm_counter_component|cntr_upj:auto_generated|safe_q[5] ; clk_in     ; clk_in   ; None                        ; None                      ; 1.361 ns                ;
; N/A   ; Restricted to 500.00 MHz ( period = 2.000 ns ) ; lpm_counter0:inst|lpm_counter:lpm_counter_component|cntr_upj:auto_generated|safe_q[8] ; lpm_counter0:inst|lpm_counter:lpm_counter_component|cntr_upj:auto_generated|safe_q[4] ; clk_in     ; clk_in   ; None                        ; None                      ; 1.361 ns                ;
; N/A   ; Restricted to 500.00 MHz ( period = 2.000 ns ) ; lpm_counter0:inst|lpm_counter:lpm_counter_component|cntr_upj:auto_generated|safe_q[8] ; lpm_counter0:inst|lpm_counter:lpm_counter_component|cntr_upj:auto_generated|safe_q[3] ; clk_in     ; clk_in   ; None                        ; None                      ; 1.361 ns                ;
; N/A   ; Restricted to 500.00 MHz ( period = 2.000 ns ) ; lpm_counter0:inst|lpm_counter:lpm_counter_component|cntr_upj:auto_generated|safe_q[8] ; lpm_counter0:inst|lpm_counter:lpm_counter_component|cntr_upj:auto_generated|safe_q[2] ; clk_in     ; clk_in   ; None                        ; None                      ; 1.361 ns                ;
; N/A   ; Restricted to 500.00 MHz ( period = 2.000 ns ) ; lpm_counter0:inst|lpm_counter:lpm_counter_component|cntr_upj:auto_generated|safe_q[8] ; lpm_counter0:inst|lpm_counter:lpm_counter_component|cntr_upj:auto_generated|safe_q[1] ; clk_in     ; clk_in   ; None                        ; None                      ; 1.361 ns                ;
; N/A   ; Restricted to 500.00 MHz ( period = 2.000 ns ) ; lpm_counter0:inst|lpm_counter:lpm_counter_component|cntr_upj:auto_generated|safe_q[8] ; lpm_counter0:inst|lpm_counter:lpm_counter_component|cntr_upj:auto_generated|safe_q[0] ; clk_in     ; clk_in   ; None                        ; None                      ; 1.361 ns                ;
+-------+------------------------------------------------+---------------------------------------------------------------------------------------+---------------------------------------------------------------------------------------+------------+----------+-----------------------------+---------------------------+-------------------------+


+--------------------------------------------------------------------------------------------------------------------------------------------------+
; tco                                                                                                                                              ;
+-------+--------------+------------+---------------------------------------------------------------------------------------+---------+------------+
; Slack ; Required tco ; Actual tco ; From                                                                                  ; To      ; From Clock ;
+-------+--------------+------------+---------------------------------------------------------------------------------------+---------+------------+
; N/A   ; None         ; 6.000 ns   ; lpm_counter0:inst|lpm_counter:lpm_counter_component|cntr_upj:auto_generated|safe_q[0] ; clk_out ; clk_in     ;
; N/A   ; None         ; 5.965 ns   ; lpm_counter0:inst|lpm_counter:lpm_counter_component|cntr_upj:auto_generated|safe_q[1] ; clk_out ; clk_in     ;
; N/A   ; None         ; 5.930 ns   ; lpm_counter0:inst|lpm_counter:lpm_counter_component|cntr_upj:auto_generated|safe_q[2] ; clk_out ; clk_in     ;
; N/A   ; None         ; 5.895 ns   ; lpm_counter0:inst|lpm_counter:lpm_counter_component|cntr_upj:auto_generated|safe_q[3] ; clk_out ; clk_in     ;
; N/A   ; None         ; 5.860 ns   ; lpm_counter0:inst|lpm_counter:lpm_counter_component|cntr_upj:auto_generated|safe_q[4] ; clk_out ; clk_in     ;
; N/A   ; None         ; 5.825 ns   ; lpm_counter0:inst|lpm_counter:lpm_counter_component|cntr_upj:auto_generated|safe_q[5] ; clk_out ; clk_in     ;
; N/A   ; None         ; 5.790 ns   ; lpm_counter0:inst|lpm_counter:lpm_counter_component|cntr_upj:auto_generated|safe_q[6] ; clk_out ; clk_in     ;
; N/A   ; None         ; 5.728 ns   ; lpm_counter0:inst|lpm_counter:lpm_counter_component|cntr_upj:auto_generated|safe_q[7] ; clk_out ; clk_in     ;
; N/A   ; None         ; 5.659 ns   ; lpm_counter0:inst|lpm_counter:lpm_counter_component|cntr_upj:auto_generated|safe_q[8] ; clk_out ; clk_in     ;
+-------+--------------+------------+---------------------------------------------------------------------------------------+---------+------------+


+--------------------------+
; Timing Analyzer Messages ;
+--------------------------+
Info: *******************************************************************
Info: Running Quartus II Classic Timing Analyzer
    Info: Version 9.0 Build 132 02/25/2009 SJ Full Version
    Info: Processing started: Thu Oct 31 12:50:15 2013
Info: Command: quartus_tan --read_settings_files=off --write_settings_files=off Divider -c Divider --timing_analysis_only
Info: Parallel compilation is enabled and will use 2 of the 2 processors detected
Warning: Found pins functioning as undefined clocks and/or memory enables
    Info: Assuming node "clk_in" is an undefined clock
Info: Clock "clk_in" Internal fmax is restricted to 500.0 MHz between source register "lpm_counter0:inst|lpm_counter:lpm_counter_component|cntr_upj:auto_generated|safe_q[0]" and destination register "lpm_counter0:inst|lpm_counter:lpm_counter_component|cntr_upj:auto_generated|safe_q[8]"
    Info: fmax restricted to clock pin edge rate 2.0 ns. Expand message to see actual delay path.
        Info: + Longest register to register delay is 1.702 ns
            Info: 1: + IC(0.000 ns) + CELL(0.000 ns) = 0.000 ns; Loc. = LCFF_X1_Y10_N1; Fanout = 2; REG Node = 'lpm_counter0:inst|lpm_counter:lpm_counter_component|cntr_upj:auto_generated|safe_q[0]'
            Info: 2: + IC(0.000 ns) + CELL(0.458 ns) = 0.458 ns; Loc. = LCCOMB_X1_Y10_N0; Fanout = 2; COMB Node = 'lpm_counter0:inst|lpm_counter:lpm_counter_component|cntr_upj:auto_generated|counter_comb_bita0~COUT'
            Info: 3: + IC(0.000 ns) + CELL(0.035 ns) = 0.493 ns; Loc. = LCCOMB_X1_Y10_N2; Fanout = 2; COMB Node = 'lpm_counter0:inst|lpm_counter:lpm_counter_component|cntr_upj:auto_generated|counter_comb_bita1~COUT'
            Info: 4: + IC(0.000 ns) + CELL(0.035 ns) = 0.528 ns; Loc. = LCCOMB_X1_Y10_N4; Fanout = 2; COMB Node = 'lpm_counter0:inst|lpm_counter:lpm_counter_component|cntr_upj:auto_generated|counter_comb_bita2~COUT'
            Info: 5: + IC(0.000 ns) + CELL(0.035 ns) = 0.563 ns; Loc. = LCCOMB_X1_Y10_N6; Fanout = 2; COMB Node = 'lpm_counter0:inst|lpm_counter:lpm_counter_component|cntr_upj:auto_generated|counter_comb_bita3~COUT'
            Info: 6: + IC(0.000 ns) + CELL(0.035 ns) = 0.598 ns; Loc. = LCCOMB_X1_Y10_N8; Fanout = 2; COMB Node = 'lpm_counter0:inst|lpm_counter:lpm_counter_component|cntr_upj:auto_generated|counter_comb_bita4~COUT'
            Info: 7: + IC(0.000 ns) + CELL(0.035 ns) = 0.633 ns; Loc. = LCCOMB_X1_Y10_N10; Fanout = 2; COMB Node = 'lpm_counter0:inst|lpm_counter:lpm_counter_component|cntr_upj:auto_generated|counter_comb_bita5~COUT'
            Info: 8: + IC(0.000 ns) + CELL(0.035 ns) = 0.668 ns; Loc. = LCCOMB_X1_Y10_N12; Fanout = 2; COMB Node = 'lpm_counter0:inst|lpm_counter:lpm_counter_component|cntr_upj:auto_generated|counter_comb_bita6~COUT'
            Info: 9: + IC(0.000 ns) + CELL(0.096 ns) = 0.764 ns; Loc. = LCCOMB_X1_Y10_N14; Fanout = 2; COMB Node = 'lpm_counter0:inst|lpm_counter:lpm_counter_component|cntr_upj:auto_generated|counter_comb_bita7~COUT'
            Info: 10: + IC(0.000 ns) + CELL(0.035 ns) = 0.799 ns; Loc. = LCCOMB_X1_Y10_N16; Fanout = 1; COMB Node = 'lpm_counter0:inst|lpm_counter:lpm_counter_component|cntr_upj:auto_generated|counter_comb_bita8~COUT'
            Info: 11: + IC(0.000 ns) + CELL(0.125 ns) = 0.924 ns; Loc. = LCCOMB_X1_Y10_N18; Fanout = 10; COMB Node = 'lpm_counter0:inst|lpm_counter:lpm_counter_component|cntr_upj:auto_generated|counter_comb_bita8~1'
            Info: 12: + IC(0.275 ns) + CELL(0.503 ns) = 1.702 ns; Loc. = LCFF_X1_Y10_N17; Fanout = 2; REG Node = 'lpm_counter0:inst|lpm_counter:lpm_counter_component|cntr_upj:auto_generated|safe_q[8]'
            Info: Total cell delay = 1.427 ns ( 83.84 % )
            Info: Total interconnect delay = 0.275 ns ( 16.16 % )
        Info: - Smallest clock skew is 0.000 ns
            Info: + Shortest clock path from clock "clk_in" to destination register is 2.471 ns
                Info: 1: + IC(0.000 ns) + CELL(0.854 ns) = 0.854 ns; Loc. = PIN_N20; Fanout = 1; CLK Node = 'clk_in'
                Info: 2: + IC(0.343 ns) + CELL(0.000 ns) = 1.197 ns; Loc. = CLKCTRL_G3; Fanout = 9; COMB Node = 'clk_in~clkctrl'
                Info: 3: + IC(0.656 ns) + CELL(0.618 ns) = 2.471 ns; Loc. = LCFF_X1_Y10_N17; Fanout = 2; REG Node = 'lpm_counter0:inst|lpm_counter:lpm_counter_component|cntr_upj:auto_generated|safe_q[8]'
                Info: Total cell delay = 1.472 ns ( 59.57 % )
                Info: Total interconnect delay = 0.999 ns ( 40.43 % )
            Info: - Longest clock path from clock "clk_in" to source register is 2.471 ns
                Info: 1: + IC(0.000 ns) + CELL(0.854 ns) = 0.854 ns; Loc. = PIN_N20; Fanout = 1; CLK Node = 'clk_in'
                Info: 2: + IC(0.343 ns) + CELL(0.000 ns) = 1.197 ns; Loc. = CLKCTRL_G3; Fanout = 9; COMB Node = 'clk_in~clkctrl'
                Info: 3: + IC(0.656 ns) + CELL(0.618 ns) = 2.471 ns; Loc. = LCFF_X1_Y10_N1; Fanout = 2; REG Node = 'lpm_counter0:inst|lpm_counter:lpm_counter_component|cntr_upj:auto_generated|safe_q[0]'
                Info: Total cell delay = 1.472 ns ( 59.57 % )
                Info: Total interconnect delay = 0.999 ns ( 40.43 % )
        Info: + Micro clock to output delay of source is 0.094 ns
        Info: + Micro setup delay of destination is 0.090 ns
Info: tco from clock "clk_in" to destination pin "clk_out" through register "lpm_counter0:inst|lpm_counter:lpm_counter_component|cntr_upj:auto_generated|safe_q[0]" is 6.000 ns
    Info: + Longest clock path from clock "clk_in" to source register is 2.471 ns
        Info: 1: + IC(0.000 ns) + CELL(0.854 ns) = 0.854 ns; Loc. = PIN_N20; Fanout = 1; CLK Node = 'clk_in'
        Info: 2: + IC(0.343 ns) + CELL(0.000 ns) = 1.197 ns; Loc. = CLKCTRL_G3; Fanout = 9; COMB Node = 'clk_in~clkctrl'
        Info: 3: + IC(0.656 ns) + CELL(0.618 ns) = 2.471 ns; Loc. = LCFF_X1_Y10_N1; Fanout = 2; REG Node = 'lpm_counter0:inst|lpm_counter:lpm_counter_component|cntr_upj:auto_generated|safe_q[0]'
        Info: Total cell delay = 1.472 ns ( 59.57 % )
        Info: Total interconnect delay = 0.999 ns ( 40.43 % )
    Info: + Micro clock to output delay of source is 0.094 ns
    Info: + Longest register to pin delay is 3.435 ns
        Info: 1: + IC(0.000 ns) + CELL(0.000 ns) = 0.000 ns; Loc. = LCFF_X1_Y10_N1; Fanout = 2; REG Node = 'lpm_counter0:inst|lpm_counter:lpm_counter_component|cntr_upj:auto_generated|safe_q[0]'
        Info: 2: + IC(0.000 ns) + CELL(0.458 ns) = 0.458 ns; Loc. = LCCOMB_X1_Y10_N0; Fanout = 2; COMB Node = 'lpm_counter0:inst|lpm_counter:lpm_counter_component|cntr_upj:auto_generated|counter_comb_bita0~COUT'
        Info: 3: + IC(0.000 ns) + CELL(0.035 ns) = 0.493 ns; Loc. = LCCOMB_X1_Y10_N2; Fanout = 2; COMB Node = 'lpm_counter0:inst|lpm_counter:lpm_counter_component|cntr_upj:auto_generated|counter_comb_bita1~COUT'
        Info: 4: + IC(0.000 ns) + CELL(0.035 ns) = 0.528 ns; Loc. = LCCOMB_X1_Y10_N4; Fanout = 2; COMB Node = 'lpm_counter0:inst|lpm_counter:lpm_counter_component|cntr_upj:auto_generated|counter_comb_bita2~COUT'
        Info: 5: + IC(0.000 ns) + CELL(0.035 ns) = 0.563 ns; Loc. = LCCOMB_X1_Y10_N6; Fanout = 2; COMB Node = 'lpm_counter0:inst|lpm_counter:lpm_counter_component|cntr_upj:auto_generated|counter_comb_bita3~COUT'
        Info: 6: + IC(0.000 ns) + CELL(0.035 ns) = 0.598 ns; Loc. = LCCOMB_X1_Y10_N8; Fanout = 2; COMB Node = 'lpm_counter0:inst|lpm_counter:lpm_counter_component|cntr_upj:auto_generated|counter_comb_bita4~COUT'
        Info: 7: + IC(0.000 ns) + CELL(0.035 ns) = 0.633 ns; Loc. = LCCOMB_X1_Y10_N10; Fanout = 2; COMB Node = 'lpm_counter0:inst|lpm_counter:lpm_counter_component|cntr_upj:auto_generated|counter_comb_bita5~COUT'
        Info: 8: + IC(0.000 ns) + CELL(0.035 ns) = 0.668 ns; Loc. = LCCOMB_X1_Y10_N12; Fanout = 2; COMB Node = 'lpm_counter0:inst|lpm_counter:lpm_counter_component|cntr_upj:auto_generated|counter_comb_bita6~COUT'
        Info: 9: + IC(0.000 ns) + CELL(0.096 ns) = 0.764 ns; Loc. = LCCOMB_X1_Y10_N14; Fanout = 2; COMB Node = 'lpm_counter0:inst|lpm_counter:lpm_counter_component|cntr_upj:auto_generated|counter_comb_bita7~COUT'
        Info: 10: + IC(0.000 ns) + CELL(0.035 ns) = 0.799 ns; Loc. = LCCOMB_X1_Y10_N16; Fanout = 1; COMB Node = 'lpm_counter0:inst|lpm_counter:lpm_counter_component|cntr_upj:auto_generated|counter_comb_bita8~COUT'
        Info: 11: + IC(0.000 ns) + CELL(0.125 ns) = 0.924 ns; Loc. = LCCOMB_X1_Y10_N18; Fanout = 10; COMB Node = 'lpm_counter0:inst|lpm_counter:lpm_counter_component|cntr_upj:auto_generated|counter_comb_bita8~1'
        Info: 12: + IC(0.367 ns) + CELL(2.144 ns) = 3.435 ns; Loc. = PIN_N22; Fanout = 0; PIN Node = 'clk_out'
        Info: Total cell delay = 3.068 ns ( 89.32 % )
        Info: Total interconnect delay = 0.367 ns ( 10.68 % )
Info: Quartus II Classic Timing Analyzer was successful. 0 errors, 1 warning
    Info: Peak virtual memory: 184 megabytes
    Info: Processing ended: Thu Oct 31 12:50:16 2013
    Info: Elapsed time: 00:00:01
    Info: Total CPU time (on all processors): 00:00:00


