Flow report for 2FSK
Wed Nov 20 17:46:26 2013
Quartus II Version 9.0 Build 132 02/25/2009 SJ Full Version


---------------------
; Table of Contents ;
---------------------
  1. Legal Notice
  2. Flow Summary
  3. Flow Settings
  4. Flow Non-Default Global Settings
  5. Flow Elapsed Time
  6. Flow OS Summary
  7. Flow Log



----------------
; Legal Notice ;
----------------
Copyright (C) 1991-2009 Altera Corporation
Your use of Altera Corporation's design tools, logic functions 
and other software and tools, and its AMPP partner logic 
functions, and any output files from any of the foregoing 
(including device programming or simulation files), and any 
associated documentation or information are expressly subject 
to the terms and conditions of the Altera Program License 
Subscription Agreement, Altera MegaCore Function License 
Agreement, or other applicable license agreement, including, 
without limitation, that your use is for the sole purpose of 
programming logic devices manufactured by Altera and sold by 
Altera or its authorized distributors.  Please refer to the 
applicable agreement for further details.



+--------------------------------------------------------------------------+
; Flow Summary                                                             ;
+-------------------------------+------------------------------------------+
; Flow Status                   ; Successful - Wed Nov 20 17:46:26 2013    ;
; Quartus II Version            ; 9.0 Build 132 02/25/2009 SJ Full Version ;
; Revision Name                 ; 2FSK                                     ;
; Top-level Entity Name         ; 2FSK                                     ;
; Family                        ; Stratix II                               ;
; Met timing requirements       ; Yes                                      ;
; Logic utilization             ; < 1 %                                    ;
;     Combinational ALUTs       ; 36 / 12,480 ( < 1 % )                    ;
;     Dedicated logic registers ; 27 / 12,480 ( < 1 % )                    ;
; Total registers               ; 27                                       ;
; Total pins                    ; 11 / 343 ( 3 % )                         ;
; Total virtual pins            ; 0                                        ;
; Total block memory bits       ; 128 / 419,328 ( < 1 % )                  ;
; DSP block 9-bit elements      ; 0 / 96 ( 0 % )                           ;
; Total PLLs                    ; 0 / 6 ( 0 % )                            ;
; Total DLLs                    ; 0 / 2 ( 0 % )                            ;
; Device                        ; EP2S15F484C3                             ;
; Timing Models                 ; Final                                    ;
+-------------------------------+------------------------------------------+


+-----------------------------------------+
; Flow Settings                           ;
+-------------------+---------------------+
; Option            ; Setting             ;
+-------------------+---------------------+
; Start date & time ; 11/20/2013 17:46:11 ;
; Main task         ; Compilation         ;
; Revision Name     ; 2FSK                ;
+-------------------+---------------------+


+--------------------------------------------------------------------------------------------------------------------------------------+
; Flow Non-Default Global Settings                                                                                                     ;
+------------------------------------+--------------------------------------------------+---------------+-------------+----------------+
; Assignment Name                    ; Value                                            ; Default Value ; Entity Name ; Section Id     ;
+------------------------------------+--------------------------------------------------+---------------+-------------+----------------+
; COMPILER_SIGNATURE_ID              ; 115052585633827.138494077003536                  ; --            ; --          ; --             ;
; IP_TOOL_NAME                       ; LPM_AND                                          ; --            ; --          ; --             ;
; IP_TOOL_NAME                       ; LPM_COUNTER                                      ; --            ; --          ; --             ;
; IP_TOOL_VERSION                    ; 9.0                                              ; --            ; --          ; --             ;
; IP_TOOL_VERSION                    ; 9.0                                              ; --            ; --          ; --             ;
; MISC_FILE                          ; lpm_and0.tdf                                     ; --            ; --          ; --             ;
; MISC_FILE                          ; lpm_and0.bsf                                     ; --            ; --          ; --             ;
; MISC_FILE                          ; lpm_and0.inc                                     ; --            ; --          ; --             ;
; MISC_FILE                          ; lpm_counter_16.tdf                               ; --            ; --          ; --             ;
; MISC_FILE                          ; lpm_counter_16.bsf                               ; --            ; --          ; --             ;
; MISC_FILE                          ; lpm_counter_16.inc                               ; --            ; --          ; --             ;
; MISC_FILE                          ; E:/随机报告/Quartus随机实验/2FSK_8point/2FSK.dpf ; --            ; --          ; --             ;
; PARTITION_COLOR                    ; 16764057                                         ; --            ; --          ; Top            ;
; PARTITION_NETLIST_TYPE             ; SOURCE                                           ; --            ; --          ; Top            ;
; USE_GENERATED_PHYSICAL_CONSTRAINTS ; Off                                              ; --            ; --          ; eda_blast_fpga ;
+------------------------------------+--------------------------------------------------+---------------+-------------+----------------+


+-----------------------------------------------------------------------------------------------------------------------------+
; Flow Elapsed Time                                                                                                           ;
+-------------------------+--------------+-------------------------+---------------------+------------------------------------+
; Module Name             ; Elapsed Time ; Average Processors Used ; Peak Virtual Memory ; Total CPU Time (on all processors) ;
+-------------------------+--------------+-------------------------+---------------------+------------------------------------+
; Analysis & Synthesis    ; 00:00:04     ; 1.0                     ; 250 MB              ; 00:00:02                           ;
; Fitter                  ; 00:00:05     ; 1.0                     ; 276 MB              ; 00:00:05                           ;
; Assembler               ; 00:00:04     ; 1.0                     ; 236 MB              ; 00:00:04                           ;
; Classic Timing Analyzer ; 00:00:01     ; 1.0                     ; 169 MB              ; 00:00:00                           ;
; Total                   ; 00:00:14     ; --                      ; --                  ; 00:00:11                           ;
+-------------------------+--------------+-------------------------+---------------------+------------------------------------+


+------------------------------------------------------------------------------------------+
; Flow OS Summary                                                                          ;
+-------------------------+------------------+---------------+------------+----------------+
; Module Name             ; Machine Hostname ; OS Name       ; OS Version ; Processor type ;
+-------------------------+------------------+---------------+------------+----------------+
; Analysis & Synthesis    ; PurpleSword      ; Windows Vista ; 6.1        ; x86_64         ;
; Fitter                  ; PurpleSword      ; Windows Vista ; 6.1        ; x86_64         ;
; Assembler               ; PurpleSword      ; Windows Vista ; 6.1        ; x86_64         ;
; Classic Timing Analyzer ; PurpleSword      ; Windows Vista ; 6.1        ; x86_64         ;
+-------------------------+------------------+---------------+------------+----------------+


------------
; Flow Log ;
------------
quartus_map --read_settings_files=on --write_settings_files=off 2FSK -c 2FSK
quartus_fit --read_settings_files=off --write_settings_files=off 2FSK -c 2FSK
quartus_asm --read_settings_files=off --write_settings_files=off 2FSK -c 2FSK
quartus_tan --read_settings_files=off --write_settings_files=off 2FSK -c 2FSK --timing_analysis_only



