Analysis & Synthesis report for 2FSK
Wed Nov 20 17:46:14 2013
Quartus II Version 9.0 Build 132 02/25/2009 SJ Full Version


---------------------
; Table of Contents ;
---------------------
  1. Legal Notice
  2. Analysis & Synthesis Summary
  3. Analysis & Synthesis Settings
  4. Analysis & Synthesis Source Files Read
  5. Analysis & Synthesis Resource Usage Summary
  6. Analysis & Synthesis Resource Utilization by Entity
  7. Analysis & Synthesis RAM Summary
  8. General Register Statistics
  9. Source assignments for lpm_counter_512:inst|lpm_counter:lpm_counter_component
 10. Source assignments for Sin:inst7|lpm_rom_sin:inst1|altsyncram:altsyncram_component|altsyncram_7o71:auto_generated
 11. Source assignments for Sin:inst7|lpm_counter_sin:inst|lpm_counter:lpm_counter_component
 12. Source assignments for lpm_counter_8:inst5|lpm_counter:lpm_counter_component
 13. Source assignments for Sin:inst4|lpm_rom_sin:inst1|altsyncram:altsyncram_component|altsyncram_7o71:auto_generated
 14. Source assignments for Sin:inst4|lpm_counter_sin:inst|lpm_counter:lpm_counter_component
 15. Source assignments for lpm_counter_16:inst3|lpm_counter:lpm_counter_component
 16. Parameter Settings for User Entity Instance: lpm_counter_512:inst|lpm_counter:lpm_counter_component
 17. Parameter Settings for User Entity Instance: BUSMUX:inst6
 18. Parameter Settings for User Entity Instance: Sin:inst7|lpm_rom_sin:inst1|altsyncram:altsyncram_component
 19. Parameter Settings for User Entity Instance: Sin:inst7|lpm_counter_sin:inst|lpm_counter:lpm_counter_component
 20. Parameter Settings for User Entity Instance: lpm_counter_8:inst5|lpm_counter:lpm_counter_component
 21. Parameter Settings for User Entity Instance: lpm_and0:inst2|lpm_and:lpm_and_component
 22. Parameter Settings for User Entity Instance: Sin:inst4|lpm_rom_sin:inst1|altsyncram:altsyncram_component
 23. Parameter Settings for User Entity Instance: Sin:inst4|lpm_counter_sin:inst|lpm_counter:lpm_counter_component
 24. Parameter Settings for User Entity Instance: lpm_counter_16:inst3|lpm_counter:lpm_counter_component
 25. altsyncram Parameter Settings by Entity Instance
 26. Analysis & Synthesis Messages



----------------
; Legal Notice ;
----------------
Copyright (C) 1991-2009 Altera Corporation
Your use of Altera Corporation's design tools, logic functions 
and other software and tools, and its AMPP partner logic 
functions, and any output files from any of the foregoing 
(including device programming or simulation files), and any 
associated documentation or information are expressly subject 
to the terms and conditions of the Altera Program License 
Subscription Agreement, Altera MegaCore Function License 
Agreement, or other applicable license agreement, including, 
without limitation, that your use is for the sole purpose of 
programming logic devices manufactured by Altera and sold by 
Altera or its authorized distributors.  Please refer to the 
applicable agreement for further details.



+--------------------------------------------------------------------------+
; Analysis & Synthesis Summary                                             ;
+-------------------------------+------------------------------------------+
; Analysis & Synthesis Status   ; Successful - Wed Nov 20 17:46:14 2013    ;
; Quartus II Version            ; 9.0 Build 132 02/25/2009 SJ Full Version ;
; Revision Name                 ; 2FSK                                     ;
; Top-level Entity Name         ; 2FSK                                     ;
; Family                        ; Stratix II                               ;
; Logic utilization             ; N/A                                      ;
;     Combinational ALUTs       ; 36                                       ;
;     Dedicated logic registers ; 27                                       ;
; Total registers               ; 27                                       ;
; Total pins                    ; 11                                       ;
; Total virtual pins            ; 0                                        ;
; Total block memory bits       ; 128                                      ;
; DSP block 9-bit elements      ; 0                                        ;
; Total PLLs                    ; 0                                        ;
; Total DLLs                    ; 0                                        ;
+-------------------------------+------------------------------------------+


+----------------------------------------------------------------------------------------------------------+
; Analysis & Synthesis Settings                                                                            ;
+----------------------------------------------------------------+--------------------+--------------------+
; Option                                                         ; Setting            ; Default Value      ;
+----------------------------------------------------------------+--------------------+--------------------+
; Top-level entity name                                          ; 2FSK               ; 2FSK               ;
; Family name                                                    ; Stratix II         ; Stratix II         ;
; Use Generated Physical Constraints File                        ; Off                ;                    ;
; Use smart compilation                                          ; Off                ; Off                ;
; Restructure Multiplexers                                       ; Auto               ; Auto               ;
; Create Debugging Nodes for IP Cores                            ; Off                ; Off                ;
; Preserve fewer node names                                      ; On                 ; On                 ;
; Disable OpenCore Plus hardware evaluation                      ; Off                ; Off                ;
; Verilog Version                                                ; Verilog_2001       ; Verilog_2001       ;
; VHDL Version                                                   ; VHDL93             ; VHDL93             ;
; State Machine Processing                                       ; Auto               ; Auto               ;
; Safe State Machine                                             ; Off                ; Off                ;
; Extract Verilog State Machines                                 ; On                 ; On                 ;
; Extract VHDL State Machines                                    ; On                 ; On                 ;
; Ignore Verilog initial constructs                              ; Off                ; Off                ;
; Iteration limit for constant Verilog loops                     ; 5000               ; 5000               ;
; Iteration limit for non-constant Verilog loops                 ; 250                ; 250                ;
; Add Pass-Through Logic to Inferred RAMs                        ; On                 ; On                 ;
; Parallel Synthesis                                             ; Off                ; Off                ;
; DSP Block Balancing                                            ; Auto               ; Auto               ;
; NOT Gate Push-Back                                             ; On                 ; On                 ;
; Power-Up Don't Care                                            ; On                 ; On                 ;
; Remove Redundant Logic Cells                                   ; Off                ; Off                ;
; Remove Duplicate Registers                                     ; On                 ; On                 ;
; Ignore CARRY Buffers                                           ; Off                ; Off                ;
; Ignore CASCADE Buffers                                         ; Off                ; Off                ;
; Ignore GLOBAL Buffers                                          ; Off                ; Off                ;
; Ignore ROW GLOBAL Buffers                                      ; Off                ; Off                ;
; Ignore LCELL Buffers                                           ; Off                ; Off                ;
; Ignore SOFT Buffers                                            ; On                 ; On                 ;
; Limit AHDL Integers to 32 Bits                                 ; Off                ; Off                ;
; Optimization Technique                                         ; Balanced           ; Balanced           ;
; Carry Chain Length                                             ; 70                 ; 70                 ;
; Auto Carry Chains                                              ; On                 ; On                 ;
; Auto Open-Drain Pins                                           ; On                 ; On                 ;
; Perform WYSIWYG Primitive Resynthesis                          ; Off                ; Off                ;
; Auto ROM Replacement                                           ; On                 ; On                 ;
; Auto RAM Replacement                                           ; On                 ; On                 ;
; Auto DSP Block Replacement                                     ; On                 ; On                 ;
; Auto Shift Register Replacement                                ; Auto               ; Auto               ;
; Auto Clock Enable Replacement                                  ; On                 ; On                 ;
; Strict RAM Replacement                                         ; Off                ; Off                ;
; Allow Synchronous Control Signals                              ; On                 ; On                 ;
; Force Use of Synchronous Clear Signals                         ; Off                ; Off                ;
; Auto RAM Block Balancing                                       ; On                 ; On                 ;
; Auto RAM to Logic Cell Conversion                              ; Off                ; Off                ;
; Auto Resource Sharing                                          ; Off                ; Off                ;
; Allow Any RAM Size For Recognition                             ; Off                ; Off                ;
; Allow Any ROM Size For Recognition                             ; Off                ; Off                ;
; Allow Any Shift Register Size For Recognition                  ; Off                ; Off                ;
; Use LogicLock Constraints during Resource Balancing            ; On                 ; On                 ;
; Ignore translate_off and synthesis_off directives              ; Off                ; Off                ;
; Timing-Driven Synthesis                                        ; Off                ; Off                ;
; Show Parameter Settings Tables in Synthesis Report             ; On                 ; On                 ;
; Ignore Maximum Fan-Out Assignments                             ; Off                ; Off                ;
; Synchronization Register Chain Length                          ; 2                  ; 2                  ;
; PowerPlay Power Optimization                                   ; Normal compilation ; Normal compilation ;
; HDL message level                                              ; Level2             ; Level2             ;
; Suppress Register Optimization Related Messages                ; Off                ; Off                ;
; Number of Removed Registers Reported in Synthesis Report       ; 100                ; 100                ;
; Number of Inverted Registers Reported in Synthesis Report      ; 100                ; 100                ;
; Clock MUX Protection                                           ; On                 ; On                 ;
; Auto Gated Clock Conversion                                    ; Off                ; Off                ;
; Block Design Naming                                            ; Auto               ; Auto               ;
; SDC constraint protection                                      ; Off                ; Off                ;
; Synthesis Effort                                               ; Auto               ; Auto               ;
; Allows Asynchronous Clear Usage For Shift Register Replacement ; On                 ; On                 ;
; Analysis & Synthesis Message Level                             ; Medium             ; Medium             ;
+----------------------------------------------------------------+--------------------+--------------------+


+-----------------------------------------------------------------------------------------------------------------------------------------------------------------+
; Analysis & Synthesis Source Files Read                                                                                                                          ;
+-----------------------------------+-----------------+------------------------------------+----------------------------------------------------------------------+
; File Name with User-Entered Path  ; Used in Netlist ; File Type                          ; File Name with Absolute Path                                         ;
+-----------------------------------+-----------------+------------------------------------+----------------------------------------------------------------------+
; ../Sin_8point/lpm_counter_sin.vhd ; yes             ; User Wizard-Generated File         ; E:/随机信号处理实验/随机实验/Sin_8point/lpm_counter_sin.vhd          ;
; ../Sin_8point/lpm_rom_sin.vhd     ; yes             ; User Wizard-Generated File         ; E:/随机信号处理实验/随机实验/Sin_8point/lpm_rom_sin.vhd              ;
; ../Sin_8point/Sin.bdf             ; yes             ; User Block Diagram/Schematic File  ; E:/随机信号处理实验/随机实验/Sin_8point/Sin.bdf                      ;
; lpm_counter_8.tdf                 ; yes             ; User Wizard-Generated File         ; E:/随机信号处理实验/随机实验/2FSK_8point/lpm_counter_8.tdf           ;
; lpm_counter_512.tdf               ; yes             ; User Wizard-Generated File         ; E:/随机信号处理实验/随机实验/2FSK_8point/lpm_counter_512.tdf         ;
; ../mSeq/mSeq.bdf                  ; yes             ; User Block Diagram/Schematic File  ; E:/随机信号处理实验/随机实验/mSeq/mSeq.bdf                           ;
; 2FSK.bdf                          ; yes             ; User Block Diagram/Schematic File  ; E:/随机信号处理实验/随机实验/2FSK_8point/2FSK.bdf                    ;
; lpm_counter.inc                   ; yes             ; Megafunction                       ; d:/altera/90/quartus/libraries/megafunctions/lpm_counter.inc         ;
; 74175.bdf                         ; yes             ; Megafunction                       ; d:/altera/90/quartus/libraries/others/maxplus2/74175.bdf             ;
; lpm_counter.tdf                   ; yes             ; Megafunction                       ; d:/altera/90/quartus/libraries/megafunctions/lpm_counter.tdf         ;
; lpm_constant.inc                  ; yes             ; Megafunction                       ; d:/altera/90/quartus/libraries/megafunctions/lpm_constant.inc        ;
; lpm_decode.inc                    ; yes             ; Megafunction                       ; d:/altera/90/quartus/libraries/megafunctions/lpm_decode.inc          ;
; lpm_add_sub.inc                   ; yes             ; Megafunction                       ; d:/altera/90/quartus/libraries/megafunctions/lpm_add_sub.inc         ;
; cmpconst.inc                      ; yes             ; Megafunction                       ; d:/altera/90/quartus/libraries/megafunctions/cmpconst.inc            ;
; lpm_compare.inc                   ; yes             ; Megafunction                       ; d:/altera/90/quartus/libraries/megafunctions/lpm_compare.inc         ;
; dffeea.inc                        ; yes             ; Megafunction                       ; d:/altera/90/quartus/libraries/megafunctions/dffeea.inc              ;
; alt_synch_counter.inc             ; yes             ; Megafunction                       ; d:/altera/90/quartus/libraries/megafunctions/alt_synch_counter.inc   ;
; alt_synch_counter_f.inc           ; yes             ; Megafunction                       ; d:/altera/90/quartus/libraries/megafunctions/alt_synch_counter_f.inc ;
; alt_counter_f10ke.inc             ; yes             ; Megafunction                       ; d:/altera/90/quartus/libraries/megafunctions/alt_counter_f10ke.inc   ;
; alt_counter_stratix.inc           ; yes             ; Megafunction                       ; d:/altera/90/quartus/libraries/megafunctions/alt_counter_stratix.inc ;
; aglobal90.inc                     ; yes             ; Megafunction                       ; d:/altera/90/quartus/libraries/megafunctions/aglobal90.inc           ;
; db/cntr_upj.tdf                   ; yes             ; Auto-Generated Megafunction        ; E:/随机信号处理实验/随机实验/2FSK_8point/db/cntr_upj.tdf             ;
; BUSMUX.tdf                        ; yes             ; Megafunction                       ; d:/altera/90/quartus/libraries/megafunctions/BUSMUX.tdf              ;
; lpm_mux.inc                       ; yes             ; Megafunction                       ; d:/altera/90/quartus/libraries/megafunctions/lpm_mux.inc             ;
; lpm_mux.tdf                       ; yes             ; Megafunction                       ; d:/altera/90/quartus/libraries/megafunctions/lpm_mux.tdf             ;
; muxlut.inc                        ; yes             ; Megafunction                       ; d:/altera/90/quartus/libraries/megafunctions/muxlut.inc              ;
; bypassff.inc                      ; yes             ; Megafunction                       ; d:/altera/90/quartus/libraries/megafunctions/bypassff.inc            ;
; altshift.inc                      ; yes             ; Megafunction                       ; d:/altera/90/quartus/libraries/megafunctions/altshift.inc            ;
; db/mux_unc.tdf                    ; yes             ; Auto-Generated Megafunction        ; E:/随机信号处理实验/随机实验/2FSK_8point/db/mux_unc.tdf              ;
; altsyncram.tdf                    ; yes             ; Megafunction                       ; d:/altera/90/quartus/libraries/megafunctions/altsyncram.tdf          ;
; stratix_ram_block.inc             ; yes             ; Megafunction                       ; d:/altera/90/quartus/libraries/megafunctions/stratix_ram_block.inc   ;
; a_rdenreg.inc                     ; yes             ; Megafunction                       ; d:/altera/90/quartus/libraries/megafunctions/a_rdenreg.inc           ;
; altrom.inc                        ; yes             ; Megafunction                       ; d:/altera/90/quartus/libraries/megafunctions/altrom.inc              ;
; altram.inc                        ; yes             ; Megafunction                       ; d:/altera/90/quartus/libraries/megafunctions/altram.inc              ;
; altdpram.inc                      ; yes             ; Megafunction                       ; d:/altera/90/quartus/libraries/megafunctions/altdpram.inc            ;
; altqpram.inc                      ; yes             ; Megafunction                       ; d:/altera/90/quartus/libraries/megafunctions/altqpram.inc            ;
; db/altsyncram_7o71.tdf            ; yes             ; Auto-Generated Megafunction        ; E:/随机信号处理实验/随机实验/2FSK_8point/db/altsyncram_7o71.tdf      ;
; db/cntr_plh.tdf                   ; yes             ; Auto-Generated Megafunction        ; E:/随机信号处理实验/随机实验/2FSK_8point/db/cntr_plh.tdf             ;
; db/cntr_opj.tdf                   ; yes             ; Auto-Generated Megafunction        ; E:/随机信号处理实验/随机实验/2FSK_8point/db/cntr_opj.tdf             ;
; lpm_and0.tdf                      ; yes             ; Auto-Found Wizard-Generated File   ; E:/随机信号处理实验/随机实验/2FSK_8point/lpm_and0.tdf                ;
; lpm_and.inc                       ; yes             ; Auto-Found AHDL File               ; d:/altera/90/quartus/libraries/megafunctions/lpm_and.inc             ;
; lpm_and.tdf                       ; yes             ; Megafunction                       ; d:/altera/90/quartus/libraries/megafunctions/lpm_and.tdf             ;
; lpm_counter_16.tdf                ; yes             ; Auto-Found Wizard-Generated File   ; E:/随机信号处理实验/随机实验/2FSK_8point/lpm_counter_16.tdf          ;
; db/cntr_ppj.tdf                   ; yes             ; Auto-Generated Megafunction        ; E:/随机信号处理实验/随机实验/2FSK_8point/db/cntr_ppj.tdf             ;
+-----------------------------------+-----------------+------------------------------------+----------------------------------------------------------------------+


+-------------------------------------------------------+
; Analysis & Synthesis Resource Usage Summary           ;
+-----------------------------------------------+-------+
; Resource                                      ; Usage ;
+-----------------------------------------------+-------+
; Estimated ALUTs Used                          ; 36    ;
; Dedicated logic registers                     ; 27    ;
;                                               ;       ;
; Estimated ALUTs Unavailable                   ; 0     ;
;                                               ;       ;
; Total combinational functions                 ; 36    ;
; Combinational ALUT usage by number of inputs  ;       ;
;     -- 7 input functions                      ; 0     ;
;     -- 6 input functions                      ; 0     ;
;     -- 5 input functions                      ; 0     ;
;     -- 4 input functions                      ; 1     ;
;     -- <=3 input functions                    ; 35    ;
;                                               ;       ;
; Combinational ALUTs by mode                   ;       ;
;     -- normal mode                            ; 11    ;
;     -- extended LUT mode                      ; 0     ;
;     -- arithmetic mode                        ; 25    ;
;     -- shared arithmetic mode                 ; 0     ;
;                                               ;       ;
; Estimated ALUT/register pairs used            ; 40    ;
;                                               ;       ;
; Total registers                               ; 27    ;
;     -- Dedicated logic registers              ; 27    ;
;     -- I/O registers                          ; 0     ;
;                                               ;       ;
; Estimated ALMs:  partially or completely used ; 20    ;
;                                               ;       ;
; I/O pins                                      ; 11    ;
; Total block memory bits                       ; 128   ;
; Maximum fan-out node                          ; ~GND  ;
; Maximum fan-out                               ; 16    ;
; Total fan-out                                 ; 231   ;
; Average fan-out                               ; 2.57  ;
+-----------------------------------------------+-------+


+----------------------------------------------------------------------------------------------------------------------------------------------------------------------------------------------------------------------------------------------------------------------------------------------+
; Analysis & Synthesis Resource Utilization by Entity                                                                                                                                                                                                                                          ;
+----------------------------------------------+-------------------+--------------+-------------------+--------------+---------+-----------+-----------+------+--------------+--------------------------------------------------------------------------------------------------+--------------+
; Compilation Hierarchy Node                   ; LC Combinationals ; LC Registers ; Block Memory Bits ; DSP Elements ; DSP 9x9 ; DSP 18x18 ; DSP 36x36 ; Pins ; Virtual Pins ; Full Hierarchy Name                                                                              ; Library Name ;
+----------------------------------------------+-------------------+--------------+-------------------+--------------+---------+-----------+-----------+------+--------------+--------------------------------------------------------------------------------------------------+--------------+
; |2FSK                                        ; 36 (1)            ; 27 (0)       ; 128               ; 0            ; 0       ; 0         ; 0         ; 11   ; 0            ; |2FSK                                                                                            ; work         ;
;    |Sin:inst4|                               ; 3 (0)             ; 3 (0)        ; 64                ; 0            ; 0       ; 0         ; 0         ; 0    ; 0            ; |2FSK|Sin:inst4                                                                                  ; work         ;
;       |lpm_counter_sin:inst|                 ; 3 (0)             ; 3 (0)        ; 0                 ; 0            ; 0       ; 0         ; 0         ; 0    ; 0            ; |2FSK|Sin:inst4|lpm_counter_sin:inst                                                             ; work         ;
;          |lpm_counter:lpm_counter_component| ; 3 (0)             ; 3 (0)        ; 0                 ; 0            ; 0       ; 0         ; 0         ; 0    ; 0            ; |2FSK|Sin:inst4|lpm_counter_sin:inst|lpm_counter:lpm_counter_component                           ; work         ;
;             |cntr_plh:auto_generated|        ; 3 (3)             ; 3 (3)        ; 0                 ; 0            ; 0       ; 0         ; 0         ; 0    ; 0            ; |2FSK|Sin:inst4|lpm_counter_sin:inst|lpm_counter:lpm_counter_component|cntr_plh:auto_generated   ; work         ;
;       |lpm_rom_sin:inst1|                    ; 0 (0)             ; 0 (0)        ; 64                ; 0            ; 0       ; 0         ; 0         ; 0    ; 0            ; |2FSK|Sin:inst4|lpm_rom_sin:inst1                                                                ; work         ;
;          |altsyncram:altsyncram_component|   ; 0 (0)             ; 0 (0)        ; 64                ; 0            ; 0       ; 0         ; 0         ; 0    ; 0            ; |2FSK|Sin:inst4|lpm_rom_sin:inst1|altsyncram:altsyncram_component                                ; work         ;
;             |altsyncram_7o71:auto_generated| ; 0 (0)             ; 0 (0)        ; 64                ; 0            ; 0       ; 0         ; 0         ; 0    ; 0            ; |2FSK|Sin:inst4|lpm_rom_sin:inst1|altsyncram:altsyncram_component|altsyncram_7o71:auto_generated ; work         ;
;    |Sin:inst7|                               ; 3 (0)             ; 3 (0)        ; 64                ; 0            ; 0       ; 0         ; 0         ; 0    ; 0            ; |2FSK|Sin:inst7                                                                                  ; work         ;
;       |lpm_counter_sin:inst|                 ; 3 (0)             ; 3 (0)        ; 0                 ; 0            ; 0       ; 0         ; 0         ; 0    ; 0            ; |2FSK|Sin:inst7|lpm_counter_sin:inst                                                             ; work         ;
;          |lpm_counter:lpm_counter_component| ; 3 (0)             ; 3 (0)        ; 0                 ; 0            ; 0       ; 0         ; 0         ; 0    ; 0            ; |2FSK|Sin:inst7|lpm_counter_sin:inst|lpm_counter:lpm_counter_component                           ; work         ;
;             |cntr_plh:auto_generated|        ; 3 (3)             ; 3 (3)        ; 0                 ; 0            ; 0       ; 0         ; 0         ; 0    ; 0            ; |2FSK|Sin:inst7|lpm_counter_sin:inst|lpm_counter:lpm_counter_component|cntr_plh:auto_generated   ; work         ;
;       |lpm_rom_sin:inst1|                    ; 0 (0)             ; 0 (0)        ; 64                ; 0            ; 0       ; 0         ; 0         ; 0    ; 0            ; |2FSK|Sin:inst7|lpm_rom_sin:inst1                                                                ; work         ;
;          |altsyncram:altsyncram_component|   ; 0 (0)             ; 0 (0)        ; 64                ; 0            ; 0       ; 0         ; 0         ; 0    ; 0            ; |2FSK|Sin:inst7|lpm_rom_sin:inst1|altsyncram:altsyncram_component                                ; work         ;
;             |altsyncram_7o71:auto_generated| ; 0 (0)             ; 0 (0)        ; 64                ; 0            ; 0       ; 0         ; 0         ; 0    ; 0            ; |2FSK|Sin:inst7|lpm_rom_sin:inst1|altsyncram:altsyncram_component|altsyncram_7o71:auto_generated ; work         ;
;    |busmux:inst6|                            ; 8 (0)             ; 0 (0)        ; 0                 ; 0            ; 0       ; 0         ; 0         ; 0    ; 0            ; |2FSK|busmux:inst6                                                                               ; work         ;
;       |lpm_mux:$00000|                       ; 8 (0)             ; 0 (0)        ; 0                 ; 0            ; 0       ; 0         ; 0         ; 0    ; 0            ; |2FSK|busmux:inst6|lpm_mux:$00000                                                                ; work         ;
;          |mux_unc:auto_generated|            ; 8 (8)             ; 0 (0)        ; 0                 ; 0            ; 0       ; 0         ; 0         ; 0    ; 0            ; |2FSK|busmux:inst6|lpm_mux:$00000|mux_unc:auto_generated                                         ; work         ;
;    |lpm_and0:inst2|                          ; 1 (0)             ; 0 (0)        ; 0                 ; 0            ; 0       ; 0         ; 0         ; 0    ; 0            ; |2FSK|lpm_and0:inst2                                                                             ; work         ;
;       |lpm_and:lpm_and_component|            ; 1 (1)             ; 0 (0)        ; 0                 ; 0            ; 0       ; 0         ; 0         ; 0    ; 0            ; |2FSK|lpm_and0:inst2|lpm_and:lpm_and_component                                                   ; work         ;
;    |lpm_counter_16:inst3|                    ; 5 (0)             ; 4 (0)        ; 0                 ; 0            ; 0       ; 0         ; 0         ; 0    ; 0            ; |2FSK|lpm_counter_16:inst3                                                                       ; work         ;
;       |lpm_counter:lpm_counter_component|    ; 5 (0)             ; 4 (0)        ; 0                 ; 0            ; 0       ; 0         ; 0         ; 0    ; 0            ; |2FSK|lpm_counter_16:inst3|lpm_counter:lpm_counter_component                                     ; work         ;
;          |cntr_ppj:auto_generated|           ; 5 (5)             ; 4 (4)        ; 0                 ; 0            ; 0       ; 0         ; 0         ; 0    ; 0            ; |2FSK|lpm_counter_16:inst3|lpm_counter:lpm_counter_component|cntr_ppj:auto_generated             ; work         ;
;    |lpm_counter_512:inst|                    ; 10 (0)            ; 9 (0)        ; 0                 ; 0            ; 0       ; 0         ; 0         ; 0    ; 0            ; |2FSK|lpm_counter_512:inst                                                                       ; work         ;
;       |lpm_counter:lpm_counter_component|    ; 10 (0)            ; 9 (0)        ; 0                 ; 0            ; 0       ; 0         ; 0         ; 0    ; 0            ; |2FSK|lpm_counter_512:inst|lpm_counter:lpm_counter_component                                     ; work         ;
;          |cntr_upj:auto_generated|           ; 10 (10)           ; 9 (9)        ; 0                 ; 0            ; 0       ; 0         ; 0         ; 0    ; 0            ; |2FSK|lpm_counter_512:inst|lpm_counter:lpm_counter_component|cntr_upj:auto_generated             ; work         ;
;    |lpm_counter_8:inst5|                     ; 4 (0)             ; 3 (0)        ; 0                 ; 0            ; 0       ; 0         ; 0         ; 0    ; 0            ; |2FSK|lpm_counter_8:inst5                                                                        ; work         ;
;       |lpm_counter:lpm_counter_component|    ; 4 (0)             ; 3 (0)        ; 0                 ; 0            ; 0       ; 0         ; 0         ; 0    ; 0            ; |2FSK|lpm_counter_8:inst5|lpm_counter:lpm_counter_component                                      ; work         ;
;          |cntr_opj:auto_generated|           ; 4 (4)             ; 3 (3)        ; 0                 ; 0            ; 0       ; 0         ; 0         ; 0    ; 0            ; |2FSK|lpm_counter_8:inst5|lpm_counter:lpm_counter_component|cntr_opj:auto_generated              ; work         ;
;    |mSeq:inst1|                              ; 1 (1)             ; 5 (1)        ; 0                 ; 0            ; 0       ; 0         ; 0         ; 0    ; 0            ; |2FSK|mSeq:inst1                                                                                 ; work         ;
;       |74175:inst|                           ; 0 (0)             ; 4 (4)        ; 0                 ; 0            ; 0       ; 0         ; 0         ; 0    ; 0            ; |2FSK|mSeq:inst1|74175:inst                                                                      ; work         ;
+----------------------------------------------+-------------------+--------------+-------------------+--------------+---------+-----------+-----------+------+--------------+--------------------------------------------------------------------------------------------------+--------------+
Note: For table entries with two numbers listed, the numbers in parentheses indicate the number of resources of the given type used by the specific entity alone. The numbers listed outside of parentheses indicate the total resources of the given type used by the specific entity and all of its sub-entities in the hierarchy.


+------------------------------------------------------------------------------------------------------------------------------------------------------------------------------------------------------------+
; Analysis & Synthesis RAM Summary                                                                                                                                                                           ;
+-------------------------------------------------------------------------------------------------------+------+------+--------------+--------------+--------------+--------------+------+-------------------+
; Name                                                                                                  ; Type ; Mode ; Port A Depth ; Port A Width ; Port B Depth ; Port B Width ; Size ; MIF               ;
+-------------------------------------------------------------------------------------------------------+------+------+--------------+--------------+--------------+--------------+------+-------------------+
; Sin:inst4|lpm_rom_sin:inst1|altsyncram:altsyncram_component|altsyncram_7o71:auto_generated|ALTSYNCRAM ; AUTO ; ROM  ; 8            ; 8            ; --           ; --           ; 64   ; sinrom_8point.mif ;
; Sin:inst7|lpm_rom_sin:inst1|altsyncram:altsyncram_component|altsyncram_7o71:auto_generated|ALTSYNCRAM ; AUTO ; ROM  ; 8            ; 8            ; --           ; --           ; 64   ; sinrom_8point.mif ;
+-------------------------------------------------------------------------------------------------------+------+------+--------------+--------------+--------------+--------------+------+-------------------+


+------------------------------------------------------+
; General Register Statistics                          ;
+----------------------------------------------+-------+
; Statistic                                    ; Value ;
+----------------------------------------------+-------+
; Total registers                              ; 27    ;
; Number of registers using Synchronous Clear  ; 0     ;
; Number of registers using Synchronous Load   ; 16    ;
; Number of registers using Asynchronous Clear ; 0     ;
; Number of registers using Asynchronous Load  ; 0     ;
; Number of registers using Clock Enable       ; 0     ;
; Number of registers using Preset             ; 0     ;
+----------------------------------------------+-------+


+-------------------------------------------------------------------------------+
; Source assignments for lpm_counter_512:inst|lpm_counter:lpm_counter_component ;
+---------------------------+-------+------+------------------------------------+
; Assignment                ; Value ; From ; To                                 ;
+---------------------------+-------+------+------------------------------------+
; SUPPRESS_DA_RULE_INTERNAL ; a101  ; -    ; -                                  ;
; SUPPRESS_DA_RULE_INTERNAL ; s102  ; -    ; -                                  ;
; SUPPRESS_DA_RULE_INTERNAL ; s103  ; -    ; -                                  ;
+---------------------------+-------+------+------------------------------------+


+-------------------------------------------------------------------------------------------------------------------+
; Source assignments for Sin:inst7|lpm_rom_sin:inst1|altsyncram:altsyncram_component|altsyncram_7o71:auto_generated ;
+---------------------------------+--------------------+------+-----------------------------------------------------+
; Assignment                      ; Value              ; From ; To                                                  ;
+---------------------------------+--------------------+------+-----------------------------------------------------+
; OPTIMIZE_POWER_DURING_SYNTHESIS ; NORMAL_COMPILATION ; -    ; -                                                   ;
+---------------------------------+--------------------+------+-----------------------------------------------------+


+-----------------------------------------------------------------------------------------+
; Source assignments for Sin:inst7|lpm_counter_sin:inst|lpm_counter:lpm_counter_component ;
+---------------------------+-------+------+----------------------------------------------+
; Assignment                ; Value ; From ; To                                           ;
+---------------------------+-------+------+----------------------------------------------+
; SUPPRESS_DA_RULE_INTERNAL ; a101  ; -    ; -                                            ;
; SUPPRESS_DA_RULE_INTERNAL ; s102  ; -    ; -                                            ;
; SUPPRESS_DA_RULE_INTERNAL ; s103  ; -    ; -                                            ;
+---------------------------+-------+------+----------------------------------------------+


+------------------------------------------------------------------------------+
; Source assignments for lpm_counter_8:inst5|lpm_counter:lpm_counter_component ;
+---------------------------+-------+------+-----------------------------------+
; Assignment                ; Value ; From ; To                                ;
+---------------------------+-------+------+-----------------------------------+
; SUPPRESS_DA_RULE_INTERNAL ; a101  ; -    ; -                                 ;
; SUPPRESS_DA_RULE_INTERNAL ; s102  ; -    ; -                                 ;
; SUPPRESS_DA_RULE_INTERNAL ; s103  ; -    ; -                                 ;
+---------------------------+-------+------+-----------------------------------+


+-------------------------------------------------------------------------------------------------------------------+
; Source assignments for Sin:inst4|lpm_rom_sin:inst1|altsyncram:altsyncram_component|altsyncram_7o71:auto_generated ;
+---------------------------------+--------------------+------+-----------------------------------------------------+
; Assignment                      ; Value              ; From ; To                                                  ;
+---------------------------------+--------------------+------+-----------------------------------------------------+
; OPTIMIZE_POWER_DURING_SYNTHESIS ; NORMAL_COMPILATION ; -    ; -                                                   ;
+---------------------------------+--------------------+------+-----------------------------------------------------+


+-----------------------------------------------------------------------------------------+
; Source assignments for Sin:inst4|lpm_counter_sin:inst|lpm_counter:lpm_counter_component ;
+---------------------------+-------+------+----------------------------------------------+
; Assignment                ; Value ; From ; To                                           ;
+---------------------------+-------+------+----------------------------------------------+
; SUPPRESS_DA_RULE_INTERNAL ; a101  ; -    ; -                                            ;
; SUPPRESS_DA_RULE_INTERNAL ; s102  ; -    ; -                                            ;
; SUPPRESS_DA_RULE_INTERNAL ; s103  ; -    ; -                                            ;
+---------------------------+-------+------+----------------------------------------------+


+-------------------------------------------------------------------------------+
; Source assignments for lpm_counter_16:inst3|lpm_counter:lpm_counter_component ;
+---------------------------+-------+------+------------------------------------+
; Assignment                ; Value ; From ; To                                 ;
+---------------------------+-------+------+------------------------------------+
; SUPPRESS_DA_RULE_INTERNAL ; a101  ; -    ; -                                  ;
; SUPPRESS_DA_RULE_INTERNAL ; s102  ; -    ; -                                  ;
; SUPPRESS_DA_RULE_INTERNAL ; s103  ; -    ; -                                  ;
+---------------------------+-------+------+------------------------------------+


+-----------------------------------------------------------------------------------------------------+
; Parameter Settings for User Entity Instance: lpm_counter_512:inst|lpm_counter:lpm_counter_component ;
+------------------------+-------------+--------------------------------------------------------------+
; Parameter Name         ; Value       ; Type                                                         ;
+------------------------+-------------+--------------------------------------------------------------+
; AUTO_CARRY_CHAINS      ; ON          ; AUTO_CARRY                                                   ;
; IGNORE_CARRY_BUFFERS   ; OFF         ; IGNORE_CARRY                                                 ;
; AUTO_CASCADE_CHAINS    ; ON          ; AUTO_CASCADE                                                 ;
; IGNORE_CASCADE_BUFFERS ; OFF         ; IGNORE_CASCADE                                               ;
; LPM_WIDTH              ; 9           ; Untyped                                                      ;
; LPM_DIRECTION          ; UP          ; Untyped                                                      ;
; LPM_MODULUS            ; 0           ; Untyped                                                      ;
; LPM_AVALUE             ; UNUSED      ; Untyped                                                      ;
; LPM_SVALUE             ; 0           ; Untyped                                                      ;
; LPM_PORT_UPDOWN        ; PORT_UNUSED ; Untyped                                                      ;
; DEVICE_FAMILY          ; Stratix II  ; Untyped                                                      ;
; CARRY_CHAIN            ; MANUAL      ; Untyped                                                      ;
; CARRY_CHAIN_LENGTH     ; 48          ; CARRY_CHAIN_LENGTH                                           ;
; NOT_GATE_PUSH_BACK     ; ON          ; NOT_GATE_PUSH_BACK                                           ;
; CARRY_CNT_EN           ; SMART       ; Untyped                                                      ;
; LABWIDE_SCLR           ; ON          ; Untyped                                                      ;
; USE_NEW_VERSION        ; TRUE        ; Untyped                                                      ;
; CBXI_PARAMETER         ; cntr_upj    ; Untyped                                                      ;
+------------------------+-------------+--------------------------------------------------------------+
Note: In order to hide this table in the UI and the text report file, please set the "Show Parameter Settings Tables in Synthesis Report" option in "Analysis and Synthesis Settings -> More Settings" to "Off".


+-----------------------------------------------------------+
; Parameter Settings for User Entity Instance: BUSMUX:inst6 ;
+----------------+-------+----------------------------------+
; Parameter Name ; Value ; Type                             ;
+----------------+-------+----------------------------------+
; WIDTH          ; 8     ; Untyped                          ;
+----------------+-------+----------------------------------+
Note: In order to hide this table in the UI and the text report file, please set the "Show Parameter Settings Tables in Synthesis Report" option in "Analysis and Synthesis Settings -> More Settings" to "Off".


+----------------------------------------------------------------------------------------------------------+
; Parameter Settings for User Entity Instance: Sin:inst7|lpm_rom_sin:inst1|altsyncram:altsyncram_component ;
+------------------------------------+----------------------+----------------------------------------------+
; Parameter Name                     ; Value                ; Type                                         ;
+------------------------------------+----------------------+----------------------------------------------+
; BYTE_SIZE_BLOCK                    ; 8                    ; Untyped                                      ;
; AUTO_CARRY_CHAINS                  ; ON                   ; AUTO_CARRY                                   ;
; IGNORE_CARRY_BUFFERS               ; OFF                  ; IGNORE_CARRY                                 ;
; AUTO_CASCADE_CHAINS                ; ON                   ; AUTO_CASCADE                                 ;
; IGNORE_CASCADE_BUFFERS             ; OFF                  ; IGNORE_CASCADE                               ;
; WIDTH_BYTEENA                      ; 1                    ; Untyped                                      ;
; OPERATION_MODE                     ; ROM                  ; Untyped                                      ;
; WIDTH_A                            ; 8                    ; Signed Integer                               ;
; WIDTHAD_A                          ; 3                    ; Signed Integer                               ;
; NUMWORDS_A                         ; 8                    ; Signed Integer                               ;
; OUTDATA_REG_A                      ; CLOCK0               ; Untyped                                      ;
; ADDRESS_ACLR_A                     ; NONE                 ; Untyped                                      ;
; OUTDATA_ACLR_A                     ; NONE                 ; Untyped                                      ;
; WRCONTROL_ACLR_A                   ; NONE                 ; Untyped                                      ;
; INDATA_ACLR_A                      ; NONE                 ; Untyped                                      ;
; BYTEENA_ACLR_A                     ; NONE                 ; Untyped                                      ;
; WIDTH_B                            ; 1                    ; Untyped                                      ;
; WIDTHAD_B                          ; 1                    ; Untyped                                      ;
; NUMWORDS_B                         ; 1                    ; Untyped                                      ;
; INDATA_REG_B                       ; CLOCK1               ; Untyped                                      ;
; WRCONTROL_WRADDRESS_REG_B          ; CLOCK1               ; Untyped                                      ;
; RDCONTROL_REG_B                    ; CLOCK1               ; Untyped                                      ;
; ADDRESS_REG_B                      ; CLOCK1               ; Untyped                                      ;
; OUTDATA_REG_B                      ; UNREGISTERED         ; Untyped                                      ;
; BYTEENA_REG_B                      ; CLOCK1               ; Untyped                                      ;
; INDATA_ACLR_B                      ; NONE                 ; Untyped                                      ;
; WRCONTROL_ACLR_B                   ; NONE                 ; Untyped                                      ;
; ADDRESS_ACLR_B                     ; NONE                 ; Untyped                                      ;
; OUTDATA_ACLR_B                     ; NONE                 ; Untyped                                      ;
; RDCONTROL_ACLR_B                   ; NONE                 ; Untyped                                      ;
; BYTEENA_ACLR_B                     ; NONE                 ; Untyped                                      ;
; WIDTH_BYTEENA_A                    ; 1                    ; Signed Integer                               ;
; WIDTH_BYTEENA_B                    ; 1                    ; Untyped                                      ;
; RAM_BLOCK_TYPE                     ; AUTO                 ; Untyped                                      ;
; BYTE_SIZE                          ; 8                    ; Untyped                                      ;
; READ_DURING_WRITE_MODE_MIXED_PORTS ; DONT_CARE            ; Untyped                                      ;
; READ_DURING_WRITE_MODE_PORT_A      ; NEW_DATA_NO_NBE_READ ; Untyped                                      ;
; READ_DURING_WRITE_MODE_PORT_B      ; NEW_DATA_NO_NBE_READ ; Untyped                                      ;
; INIT_FILE                          ; sinrom_8point.mif    ; Untyped                                      ;
; INIT_FILE_LAYOUT                   ; PORT_A               ; Untyped                                      ;
; MAXIMUM_DEPTH                      ; 0                    ; Untyped                                      ;
; CLOCK_ENABLE_INPUT_A               ; BYPASS               ; Untyped                                      ;
; CLOCK_ENABLE_INPUT_B               ; NORMAL               ; Untyped                                      ;
; CLOCK_ENABLE_OUTPUT_A              ; BYPASS               ; Untyped                                      ;
; CLOCK_ENABLE_OUTPUT_B              ; NORMAL               ; Untyped                                      ;
; CLOCK_ENABLE_CORE_A                ; USE_INPUT_CLKEN      ; Untyped                                      ;
; CLOCK_ENABLE_CORE_B                ; USE_INPUT_CLKEN      ; Untyped                                      ;
; ENABLE_ECC                         ; FALSE                ; Untyped                                      ;
; DEVICE_FAMILY                      ; Stratix II           ; Untyped                                      ;
; CBXI_PARAMETER                     ; altsyncram_7o71      ; Untyped                                      ;
+------------------------------------+----------------------+----------------------------------------------+
Note: In order to hide this table in the UI and the text report file, please set the "Show Parameter Settings Tables in Synthesis Report" option in "Analysis and Synthesis Settings -> More Settings" to "Off".


+---------------------------------------------------------------------------------------------------------------+
; Parameter Settings for User Entity Instance: Sin:inst7|lpm_counter_sin:inst|lpm_counter:lpm_counter_component ;
+------------------------+-------------+------------------------------------------------------------------------+
; Parameter Name         ; Value       ; Type                                                                   ;
+------------------------+-------------+------------------------------------------------------------------------+
; AUTO_CARRY_CHAINS      ; ON          ; AUTO_CARRY                                                             ;
; IGNORE_CARRY_BUFFERS   ; OFF         ; IGNORE_CARRY                                                           ;
; AUTO_CASCADE_CHAINS    ; ON          ; AUTO_CASCADE                                                           ;
; IGNORE_CASCADE_BUFFERS ; OFF         ; IGNORE_CASCADE                                                         ;
; LPM_WIDTH              ; 3           ; Signed Integer                                                         ;
; LPM_DIRECTION          ; UP          ; Untyped                                                                ;
; LPM_MODULUS            ; 0           ; Untyped                                                                ;
; LPM_AVALUE             ; UNUSED      ; Untyped                                                                ;
; LPM_SVALUE             ; UNUSED      ; Untyped                                                                ;
; LPM_PORT_UPDOWN        ; PORT_UNUSED ; Untyped                                                                ;
; DEVICE_FAMILY          ; Stratix II  ; Untyped                                                                ;
; CARRY_CHAIN            ; MANUAL      ; Untyped                                                                ;
; CARRY_CHAIN_LENGTH     ; 48          ; CARRY_CHAIN_LENGTH                                                     ;
; NOT_GATE_PUSH_BACK     ; ON          ; NOT_GATE_PUSH_BACK                                                     ;
; CARRY_CNT_EN           ; SMART       ; Untyped                                                                ;
; LABWIDE_SCLR           ; ON          ; Untyped                                                                ;
; USE_NEW_VERSION        ; TRUE        ; Untyped                                                                ;
; CBXI_PARAMETER         ; cntr_plh    ; Untyped                                                                ;
+------------------------+-------------+------------------------------------------------------------------------+
Note: In order to hide this table in the UI and the text report file, please set the "Show Parameter Settings Tables in Synthesis Report" option in "Analysis and Synthesis Settings -> More Settings" to "Off".


+----------------------------------------------------------------------------------------------------+
; Parameter Settings for User Entity Instance: lpm_counter_8:inst5|lpm_counter:lpm_counter_component ;
+------------------------+-------------+-------------------------------------------------------------+
; Parameter Name         ; Value       ; Type                                                        ;
+------------------------+-------------+-------------------------------------------------------------+
; AUTO_CARRY_CHAINS      ; ON          ; AUTO_CARRY                                                  ;
; IGNORE_CARRY_BUFFERS   ; OFF         ; IGNORE_CARRY                                                ;
; AUTO_CASCADE_CHAINS    ; ON          ; AUTO_CASCADE                                                ;
; IGNORE_CASCADE_BUFFERS ; OFF         ; IGNORE_CASCADE                                              ;
; LPM_WIDTH              ; 3           ; Untyped                                                     ;
; LPM_DIRECTION          ; UP          ; Untyped                                                     ;
; LPM_MODULUS            ; 0           ; Untyped                                                     ;
; LPM_AVALUE             ; UNUSED      ; Untyped                                                     ;
; LPM_SVALUE             ; 0           ; Untyped                                                     ;
; LPM_PORT_UPDOWN        ; PORT_UNUSED ; Untyped                                                     ;
; DEVICE_FAMILY          ; Stratix II  ; Untyped                                                     ;
; CARRY_CHAIN            ; MANUAL      ; Untyped                                                     ;
; CARRY_CHAIN_LENGTH     ; 48          ; CARRY_CHAIN_LENGTH                                          ;
; NOT_GATE_PUSH_BACK     ; ON          ; NOT_GATE_PUSH_BACK                                          ;
; CARRY_CNT_EN           ; SMART       ; Untyped                                                     ;
; LABWIDE_SCLR           ; ON          ; Untyped                                                     ;
; USE_NEW_VERSION        ; TRUE        ; Untyped                                                     ;
; CBXI_PARAMETER         ; cntr_opj    ; Untyped                                                     ;
+------------------------+-------------+-------------------------------------------------------------+
Note: In order to hide this table in the UI and the text report file, please set the "Show Parameter Settings Tables in Synthesis Report" option in "Analysis and Synthesis Settings -> More Settings" to "Off".


+---------------------------------------------------------------------------------------+
; Parameter Settings for User Entity Instance: lpm_and0:inst2|lpm_and:lpm_and_component ;
+------------------------+------------+-------------------------------------------------+
; Parameter Name         ; Value      ; Type                                            ;
+------------------------+------------+-------------------------------------------------+
; AUTO_CARRY_CHAINS      ; ON         ; AUTO_CARRY                                      ;
; IGNORE_CARRY_BUFFERS   ; OFF        ; IGNORE_CARRY                                    ;
; AUTO_CASCADE_CHAINS    ; ON         ; AUTO_CASCADE                                    ;
; IGNORE_CASCADE_BUFFERS ; OFF        ; IGNORE_CASCADE                                  ;
; LPM_WIDTH              ; 1          ; Untyped                                         ;
; LPM_SIZE               ; 2          ; Untyped                                         ;
; CARRY_CHAIN_LENGTH     ; 48         ; CARRY_CHAIN_LENGTH                              ;
; CARRY_CHAIN            ; MANUAL     ; Untyped                                         ;
; CASCADE_CHAIN          ; MANUAL     ; Untyped                                         ;
; DEVICE_FAMILY          ; Stratix II ; Untyped                                         ;
+------------------------+------------+-------------------------------------------------+
Note: In order to hide this table in the UI and the text report file, please set the "Show Parameter Settings Tables in Synthesis Report" option in "Analysis and Synthesis Settings -> More Settings" to "Off".


+----------------------------------------------------------------------------------------------------------+
; Parameter Settings for User Entity Instance: Sin:inst4|lpm_rom_sin:inst1|altsyncram:altsyncram_component ;
+------------------------------------+----------------------+----------------------------------------------+
; Parameter Name                     ; Value                ; Type                                         ;
+------------------------------------+----------------------+----------------------------------------------+
; BYTE_SIZE_BLOCK                    ; 8                    ; Untyped                                      ;
; AUTO_CARRY_CHAINS                  ; ON                   ; AUTO_CARRY                                   ;
; IGNORE_CARRY_BUFFERS               ; OFF                  ; IGNORE_CARRY                                 ;
; AUTO_CASCADE_CHAINS                ; ON                   ; AUTO_CASCADE                                 ;
; IGNORE_CASCADE_BUFFERS             ; OFF                  ; IGNORE_CASCADE                               ;
; WIDTH_BYTEENA                      ; 1                    ; Untyped                                      ;
; OPERATION_MODE                     ; ROM                  ; Untyped                                      ;
; WIDTH_A                            ; 8                    ; Signed Integer                               ;
; WIDTHAD_A                          ; 3                    ; Signed Integer                               ;
; NUMWORDS_A                         ; 8                    ; Signed Integer                               ;
; OUTDATA_REG_A                      ; CLOCK0               ; Untyped                                      ;
; ADDRESS_ACLR_A                     ; NONE                 ; Untyped                                      ;
; OUTDATA_ACLR_A                     ; NONE                 ; Untyped                                      ;
; WRCONTROL_ACLR_A                   ; NONE                 ; Untyped                                      ;
; INDATA_ACLR_A                      ; NONE                 ; Untyped                                      ;
; BYTEENA_ACLR_A                     ; NONE                 ; Untyped                                      ;
; WIDTH_B                            ; 1                    ; Untyped                                      ;
; WIDTHAD_B                          ; 1                    ; Untyped                                      ;
; NUMWORDS_B                         ; 1                    ; Untyped                                      ;
; INDATA_REG_B                       ; CLOCK1               ; Untyped                                      ;
; WRCONTROL_WRADDRESS_REG_B          ; CLOCK1               ; Untyped                                      ;
; RDCONTROL_REG_B                    ; CLOCK1               ; Untyped                                      ;
; ADDRESS_REG_B                      ; CLOCK1               ; Untyped                                      ;
; OUTDATA_REG_B                      ; UNREGISTERED         ; Untyped                                      ;
; BYTEENA_REG_B                      ; CLOCK1               ; Untyped                                      ;
; INDATA_ACLR_B                      ; NONE                 ; Untyped                                      ;
; WRCONTROL_ACLR_B                   ; NONE                 ; Untyped                                      ;
; ADDRESS_ACLR_B                     ; NONE                 ; Untyped                                      ;
; OUTDATA_ACLR_B                     ; NONE                 ; Untyped                                      ;
; RDCONTROL_ACLR_B                   ; NONE                 ; Untyped                                      ;
; BYTEENA_ACLR_B                     ; NONE                 ; Untyped                                      ;
; WIDTH_BYTEENA_A                    ; 1                    ; Signed Integer                               ;
; WIDTH_BYTEENA_B                    ; 1                    ; Untyped                                      ;
; RAM_BLOCK_TYPE                     ; AUTO                 ; Untyped                                      ;
; BYTE_SIZE                          ; 8                    ; Untyped                                      ;
; READ_DURING_WRITE_MODE_MIXED_PORTS ; DONT_CARE            ; Untyped                                      ;
; READ_DURING_WRITE_MODE_PORT_A      ; NEW_DATA_NO_NBE_READ ; Untyped                                      ;
; READ_DURING_WRITE_MODE_PORT_B      ; NEW_DATA_NO_NBE_READ ; Untyped                                      ;
; INIT_FILE                          ; sinrom_8point.mif    ; Untyped                                      ;
; INIT_FILE_LAYOUT                   ; PORT_A               ; Untyped                                      ;
; MAXIMUM_DEPTH                      ; 0                    ; Untyped                                      ;
; CLOCK_ENABLE_INPUT_A               ; BYPASS               ; Untyped                                      ;
; CLOCK_ENABLE_INPUT_B               ; NORMAL               ; Untyped                                      ;
; CLOCK_ENABLE_OUTPUT_A              ; BYPASS               ; Untyped                                      ;
; CLOCK_ENABLE_OUTPUT_B              ; NORMAL               ; Untyped                                      ;
; CLOCK_ENABLE_CORE_A                ; USE_INPUT_CLKEN      ; Untyped                                      ;
; CLOCK_ENABLE_CORE_B                ; USE_INPUT_CLKEN      ; Untyped                                      ;
; ENABLE_ECC                         ; FALSE                ; Untyped                                      ;
; DEVICE_FAMILY                      ; Stratix II           ; Untyped                                      ;
; CBXI_PARAMETER                     ; altsyncram_7o71      ; Untyped                                      ;
+------------------------------------+----------------------+----------------------------------------------+
Note: In order to hide this table in the UI and the text report file, please set the "Show Parameter Settings Tables in Synthesis Report" option in "Analysis and Synthesis Settings -> More Settings" to "Off".


+---------------------------------------------------------------------------------------------------------------+
; Parameter Settings for User Entity Instance: Sin:inst4|lpm_counter_sin:inst|lpm_counter:lpm_counter_component ;
+------------------------+-------------+------------------------------------------------------------------------+
; Parameter Name         ; Value       ; Type                                                                   ;
+------------------------+-------------+------------------------------------------------------------------------+
; AUTO_CARRY_CHAINS      ; ON          ; AUTO_CARRY                                                             ;
; IGNORE_CARRY_BUFFERS   ; OFF         ; IGNORE_CARRY                                                           ;
; AUTO_CASCADE_CHAINS    ; ON          ; AUTO_CASCADE                                                           ;
; IGNORE_CASCADE_BUFFERS ; OFF         ; IGNORE_CASCADE                                                         ;
; LPM_WIDTH              ; 3           ; Signed Integer                                                         ;
; LPM_DIRECTION          ; UP          ; Untyped                                                                ;
; LPM_MODULUS            ; 0           ; Untyped                                                                ;
; LPM_AVALUE             ; UNUSED      ; Untyped                                                                ;
; LPM_SVALUE             ; UNUSED      ; Untyped                                                                ;
; LPM_PORT_UPDOWN        ; PORT_UNUSED ; Untyped                                                                ;
; DEVICE_FAMILY          ; Stratix II  ; Untyped                                                                ;
; CARRY_CHAIN            ; MANUAL      ; Untyped                                                                ;
; CARRY_CHAIN_LENGTH     ; 48          ; CARRY_CHAIN_LENGTH                                                     ;
; NOT_GATE_PUSH_BACK     ; ON          ; NOT_GATE_PUSH_BACK                                                     ;
; CARRY_CNT_EN           ; SMART       ; Untyped                                                                ;
; LABWIDE_SCLR           ; ON          ; Untyped                                                                ;
; USE_NEW_VERSION        ; TRUE        ; Untyped                                                                ;
; CBXI_PARAMETER         ; cntr_plh    ; Untyped                                                                ;
+------------------------+-------------+------------------------------------------------------------------------+
Note: In order to hide this table in the UI and the text report file, please set the "Show Parameter Settings Tables in Synthesis Report" option in "Analysis and Synthesis Settings -> More Settings" to "Off".


+-----------------------------------------------------------------------------------------------------+
; Parameter Settings for User Entity Instance: lpm_counter_16:inst3|lpm_counter:lpm_counter_component ;
+------------------------+-------------+--------------------------------------------------------------+
; Parameter Name         ; Value       ; Type                                                         ;
+------------------------+-------------+--------------------------------------------------------------+
; AUTO_CARRY_CHAINS      ; ON          ; AUTO_CARRY                                                   ;
; IGNORE_CARRY_BUFFERS   ; OFF         ; IGNORE_CARRY                                                 ;
; AUTO_CASCADE_CHAINS    ; ON          ; AUTO_CASCADE                                                 ;
; IGNORE_CASCADE_BUFFERS ; OFF         ; IGNORE_CASCADE                                               ;
; LPM_WIDTH              ; 4           ; Untyped                                                      ;
; LPM_DIRECTION          ; UP          ; Untyped                                                      ;
; LPM_MODULUS            ; 0           ; Untyped                                                      ;
; LPM_AVALUE             ; UNUSED      ; Untyped                                                      ;
; LPM_SVALUE             ; 0           ; Untyped                                                      ;
; LPM_PORT_UPDOWN        ; PORT_UNUSED ; Untyped                                                      ;
; DEVICE_FAMILY          ; Stratix II  ; Untyped                                                      ;
; CARRY_CHAIN            ; MANUAL      ; Untyped                                                      ;
; CARRY_CHAIN_LENGTH     ; 48          ; CARRY_CHAIN_LENGTH                                           ;
; NOT_GATE_PUSH_BACK     ; ON          ; NOT_GATE_PUSH_BACK                                           ;
; CARRY_CNT_EN           ; SMART       ; Untyped                                                      ;
; LABWIDE_SCLR           ; ON          ; Untyped                                                      ;
; USE_NEW_VERSION        ; TRUE        ; Untyped                                                      ;
; CBXI_PARAMETER         ; cntr_ppj    ; Untyped                                                      ;
+------------------------+-------------+--------------------------------------------------------------+
Note: In order to hide this table in the UI and the text report file, please set the "Show Parameter Settings Tables in Synthesis Report" option in "Analysis and Synthesis Settings -> More Settings" to "Off".


+---------------------------------------------------------------------------------------------------------+
; altsyncram Parameter Settings by Entity Instance                                                        ;
+-------------------------------------------+-------------------------------------------------------------+
; Name                                      ; Value                                                       ;
+-------------------------------------------+-------------------------------------------------------------+
; Number of entity instances                ; 2                                                           ;
; Entity Instance                           ; Sin:inst7|lpm_rom_sin:inst1|altsyncram:altsyncram_component ;
;     -- OPERATION_MODE                     ; ROM                                                         ;
;     -- WIDTH_A                            ; 8                                                           ;
;     -- NUMWORDS_A                         ; 8                                                           ;
;     -- OUTDATA_REG_A                      ; CLOCK0                                                      ;
;     -- WIDTH_B                            ; 1                                                           ;
;     -- NUMWORDS_B                         ; 1                                                           ;
;     -- ADDRESS_REG_B                      ; CLOCK1                                                      ;
;     -- OUTDATA_REG_B                      ; UNREGISTERED                                                ;
;     -- RAM_BLOCK_TYPE                     ; AUTO                                                        ;
;     -- READ_DURING_WRITE_MODE_MIXED_PORTS ; DONT_CARE                                                   ;
; Entity Instance                           ; Sin:inst4|lpm_rom_sin:inst1|altsyncram:altsyncram_component ;
;     -- OPERATION_MODE                     ; ROM                                                         ;
;     -- WIDTH_A                            ; 8                                                           ;
;     -- NUMWORDS_A                         ; 8                                                           ;
;     -- OUTDATA_REG_A                      ; CLOCK0                                                      ;
;     -- WIDTH_B                            ; 1                                                           ;
;     -- NUMWORDS_B                         ; 1                                                           ;
;     -- ADDRESS_REG_B                      ; CLOCK1                                                      ;
;     -- OUTDATA_REG_B                      ; UNREGISTERED                                                ;
;     -- RAM_BLOCK_TYPE                     ; AUTO                                                        ;
;     -- READ_DURING_WRITE_MODE_MIXED_PORTS ; DONT_CARE                                                   ;
+-------------------------------------------+-------------------------------------------------------------+


+-------------------------------+
; Analysis & Synthesis Messages ;
+-------------------------------+
Info: *******************************************************************
Info: Running Quartus II Analysis & Synthesis
    Info: Version 9.0 Build 132 02/25/2009 SJ Full Version
    Info: Processing started: Wed Nov 20 17:46:10 2013
Info: Command: quartus_map --read_settings_files=on --write_settings_files=off 2FSK -c 2FSK
Info: Found 2 design units, including 1 entities, in source file ../Sin_8point/lpm_counter_sin.vhd
    Info: Found design unit 1: lpm_counter_sin-SYN
    Info: Found entity 1: lpm_counter_sin
Info: Found 2 design units, including 1 entities, in source file ../Sin_8point/lpm_rom_sin.vhd
    Info: Found design unit 1: lpm_rom_sin-SYN
    Info: Found entity 1: lpm_rom_sin
Info: Found 1 design units, including 1 entities, in source file ../Sin_8point/Sin.bdf
    Info: Found entity 1: Sin
Info: Found 1 design units, including 1 entities, in source file lpm_counter_4.tdf
    Info: Found entity 1: lpm_counter_4
Info: Found 1 design units, including 1 entities, in source file lpm_counter_8.tdf
    Info: Found entity 1: lpm_counter_8
Info: Found 1 design units, including 1 entities, in source file lpm_counter_512.tdf
    Info: Found entity 1: lpm_counter_512
Info: Found 1 design units, including 1 entities, in source file ../mSeq/mSeq.bdf
    Info: Found entity 1: mSeq
Info: Found 1 design units, including 1 entities, in source file 2FSK.bdf
    Info: Found entity 1: 2FSK
Info: Elaborating entity "2FSK" for the top level hierarchy
Info: Elaborating entity "mSeq" for hierarchy "mSeq:inst1"
Info: Elaborating entity "74175" for hierarchy "mSeq:inst1|74175:inst"
Info: Elaborated megafunction instantiation "mSeq:inst1|74175:inst"
Info: Elaborating entity "lpm_counter_512" for hierarchy "lpm_counter_512:inst"
Info: Elaborating entity "lpm_counter" for hierarchy "lpm_counter_512:inst|lpm_counter:lpm_counter_component"
Info: Elaborated megafunction instantiation "lpm_counter_512:inst|lpm_counter:lpm_counter_component"
Info: Instantiated megafunction "lpm_counter_512:inst|lpm_counter:lpm_counter_component" with the following parameter:
    Info: Parameter "LPM_TYPE" = "LPM_COUNTER"
    Info: Parameter "LPM_WIDTH" = "9"
    Info: Parameter "LPM_DIRECTION" = "UP"
    Info: Parameter "LPM_SVALUE" = "0"
    Info: Parameter "LPM_PORT_UPDOWN" = "PORT_UNUSED"
Info: Found 1 design units, including 1 entities, in source file db/cntr_upj.tdf
    Info: Found entity 1: cntr_upj
Info: Elaborating entity "cntr_upj" for hierarchy "lpm_counter_512:inst|lpm_counter:lpm_counter_component|cntr_upj:auto_generated"
Info: Elaborating entity "BUSMUX" for hierarchy "BUSMUX:inst6"
Info: Elaborated megafunction instantiation "BUSMUX:inst6"
Info: Instantiated megafunction "BUSMUX:inst6" with the following parameter:
    Info: Parameter "WIDTH" = "8"
Info: Elaborating entity "lpm_mux" for hierarchy "BUSMUX:inst6|lpm_mux:$00000"
Info: Elaborated megafunction instantiation "BUSMUX:inst6|lpm_mux:$00000", which is child of megafunction instantiation "BUSMUX:inst6"
Info: Found 1 design units, including 1 entities, in source file db/mux_unc.tdf
    Info: Found entity 1: mux_unc
Info: Elaborating entity "mux_unc" for hierarchy "BUSMUX:inst6|lpm_mux:$00000|mux_unc:auto_generated"
Info: Elaborating entity "Sin" for hierarchy "Sin:inst7"
Info: Elaborating entity "lpm_rom_sin" for hierarchy "Sin:inst7|lpm_rom_sin:inst1"
Info: Elaborating entity "altsyncram" for hierarchy "Sin:inst7|lpm_rom_sin:inst1|altsyncram:altsyncram_component"
Info: Elaborated megafunction instantiation "Sin:inst7|lpm_rom_sin:inst1|altsyncram:altsyncram_component"
Info: Instantiated megafunction "Sin:inst7|lpm_rom_sin:inst1|altsyncram:altsyncram_component" with the following parameter:
    Info: Parameter "clock_enable_input_a" = "BYPASS"
    Info: Parameter "clock_enable_output_a" = "BYPASS"
    Info: Parameter "init_file" = "sinrom_8point.mif"
    Info: Parameter "intended_device_family" = "Stratix II"
    Info: Parameter "lpm_hint" = "ENABLE_RUNTIME_MOD=NO"
    Info: Parameter "lpm_type" = "altsyncram"
    Info: Parameter "numwords_a" = "8"
    Info: Parameter "operation_mode" = "ROM"
    Info: Parameter "outdata_aclr_a" = "NONE"
    Info: Parameter "outdata_reg_a" = "CLOCK0"
    Info: Parameter "widthad_a" = "3"
    Info: Parameter "width_a" = "8"
    Info: Parameter "width_byteena_a" = "1"
Info: Found 1 design units, including 1 entities, in source file db/altsyncram_7o71.tdf
    Info: Found entity 1: altsyncram_7o71
Info: Elaborating entity "altsyncram_7o71" for hierarchy "Sin:inst7|lpm_rom_sin:inst1|altsyncram:altsyncram_component|altsyncram_7o71:auto_generated"
Info: Elaborating entity "lpm_counter_sin" for hierarchy "Sin:inst7|lpm_counter_sin:inst"
Info: Elaborating entity "lpm_counter" for hierarchy "Sin:inst7|lpm_counter_sin:inst|lpm_counter:lpm_counter_component"
Info: Elaborated megafunction instantiation "Sin:inst7|lpm_counter_sin:inst|lpm_counter:lpm_counter_component"
Info: Instantiated megafunction "Sin:inst7|lpm_counter_sin:inst|lpm_counter:lpm_counter_component" with the following parameter:
    Info: Parameter "lpm_direction" = "UP"
    Info: Parameter "lpm_port_updown" = "PORT_UNUSED"
    Info: Parameter "lpm_type" = "LPM_COUNTER"
    Info: Parameter "lpm_width" = "3"
Info: Found 1 design units, including 1 entities, in source file db/cntr_plh.tdf
    Info: Found entity 1: cntr_plh
Info: Elaborating entity "cntr_plh" for hierarchy "Sin:inst7|lpm_counter_sin:inst|lpm_counter:lpm_counter_component|cntr_plh:auto_generated"
Info: Elaborating entity "lpm_counter_8" for hierarchy "lpm_counter_8:inst5"
Info: Elaborating entity "lpm_counter" for hierarchy "lpm_counter_8:inst5|lpm_counter:lpm_counter_component"
Info: Elaborated megafunction instantiation "lpm_counter_8:inst5|lpm_counter:lpm_counter_component"
Info: Instantiated megafunction "lpm_counter_8:inst5|lpm_counter:lpm_counter_component" with the following parameter:
    Info: Parameter "LPM_TYPE" = "LPM_COUNTER"
    Info: Parameter "LPM_WIDTH" = "3"
    Info: Parameter "LPM_DIRECTION" = "UP"
    Info: Parameter "LPM_SVALUE" = "0"
    Info: Parameter "LPM_PORT_UPDOWN" = "PORT_UNUSED"
Info: Found 1 design units, including 1 entities, in source file db/cntr_opj.tdf
    Info: Found entity 1: cntr_opj
Info: Elaborating entity "cntr_opj" for hierarchy "lpm_counter_8:inst5|lpm_counter:lpm_counter_component|cntr_opj:auto_generated"
Warning: Using design file lpm_and0.tdf, which is not specified as a design file for the current project, but contains definitions for 1 design units and 1 entities in project
    Info: Found entity 1: lpm_and0
Info: Elaborating entity "lpm_and0" for hierarchy "lpm_and0:inst2"
Info: Elaborating entity "lpm_and" for hierarchy "lpm_and0:inst2|lpm_and:lpm_and_component"
Info: Elaborated megafunction instantiation "lpm_and0:inst2|lpm_and:lpm_and_component"
Info: Instantiated megafunction "lpm_and0:inst2|lpm_and:lpm_and_component" with the following parameter:
    Info: Parameter "LPM_TYPE" = "LPM_AND"
    Info: Parameter "LPM_WIDTH" = "1"
    Info: Parameter "LPM_SIZE" = "2"
Warning: Using design file lpm_counter_16.tdf, which is not specified as a design file for the current project, but contains definitions for 1 design units and 1 entities in project
    Info: Found entity 1: lpm_counter_16
Info: Elaborating entity "lpm_counter_16" for hierarchy "lpm_counter_16:inst3"
Info: Elaborating entity "lpm_counter" for hierarchy "lpm_counter_16:inst3|lpm_counter:lpm_counter_component"
Info: Elaborated megafunction instantiation "lpm_counter_16:inst3|lpm_counter:lpm_counter_component"
Info: Instantiated megafunction "lpm_counter_16:inst3|lpm_counter:lpm_counter_component" with the following parameter:
    Info: Parameter "LPM_TYPE" = "LPM_COUNTER"
    Info: Parameter "LPM_WIDTH" = "4"
    Info: Parameter "LPM_DIRECTION" = "UP"
    Info: Parameter "LPM_SVALUE" = "0"
    Info: Parameter "LPM_PORT_UPDOWN" = "PORT_UNUSED"
Info: Found 1 design units, including 1 entities, in source file db/cntr_ppj.tdf
    Info: Found entity 1: cntr_ppj
Info: Elaborating entity "cntr_ppj" for hierarchy "lpm_counter_16:inst3|lpm_counter:lpm_counter_component|cntr_ppj:auto_generated"
Info: Implemented 67 device resources after synthesis - the final resource count might be different
    Info: Implemented 2 input pins
    Info: Implemented 9 output pins
    Info: Implemented 40 logic cells
    Info: Implemented 16 RAM segments
Info: Quartus II Analysis & Synthesis was successful. 0 errors, 2 warnings
    Info: Peak virtual memory: 250 megabytes
    Info: Processing ended: Wed Nov 20 17:46:14 2013
    Info: Elapsed time: 00:00:04
    Info: Total CPU time (on all processors): 00:00:02


