Classic Timing Analyzer report for Block1
Wed Nov 20 17:05:36 2013
Quartus II Version 9.0 Build 132 02/25/2009 SJ Full Version


---------------------
; Table of Contents ;
---------------------
  1. Legal Notice
  2. Timing Analyzer Summary
  3. Timing Analyzer Settings
  4. Clock Settings Summary
  5. Parallel Compilation
  6. Clock Setup: 'Clk'
  7. tco
  8. Timing Analyzer Messages



----------------
; Legal Notice ;
----------------
Copyright (C) 1991-2009 Altera Corporation
Your use of Altera Corporation's design tools, logic functions 
and other software and tools, and its AMPP partner logic 
functions, and any output files from any of the foregoing 
(including device programming or simulation files), and any 
associated documentation or information are expressly subject 
to the terms and conditions of the Altera Program License 
Subscription Agreement, Altera MegaCore Function License 
Agreement, or other applicable license agreement, including, 
without limitation, that your use is for the sole purpose of 
programming logic devices manufactured by Altera and sold by 
Altera or its authorized distributors.  Please refer to the 
applicable agreement for further details.



+------------------------------------------------------------------------------------------------------------------------------------------------------------------------------+
; Timing Analyzer Summary                                                                                                                                                      ;
+------------------------------+-------+---------------+------------------------------------------------+---------------+---------------+------------+----------+--------------+
; Type                         ; Slack ; Required Time ; Actual Time                                    ; From          ; To            ; From Clock ; To Clock ; Failed Paths ;
+------------------------------+-------+---------------+------------------------------------------------+---------------+---------------+------------+----------+--------------+
; Worst-case tco               ; N/A   ; None          ; 5.187 ns                                       ; inst5         ; m_out         ; Clk        ; --       ; 0            ;
; Clock Setup: 'Clk'           ; N/A   ; None          ; Restricted to 500.00 MHz ( period = 2.000 ns ) ; 74175:inst|13 ; 74175:inst|16 ; Clk        ; Clk      ; 0            ;
; Total number of failed paths ;       ;               ;                                                ;               ;               ;            ;          ; 0            ;
+------------------------------+-------+---------------+------------------------------------------------+---------------+---------------+------------+----------+--------------+


+--------------------------------------------------------------------------------------------------------------------+
; Timing Analyzer Settings                                                                                           ;
+---------------------------------------------------------------------+--------------------+------+----+-------------+
; Option                                                              ; Setting            ; From ; To ; Entity Name ;
+---------------------------------------------------------------------+--------------------+------+----+-------------+
; Device Name                                                         ; EP2S15F484C3       ;      ;    ;             ;
; Timing Models                                                       ; Final              ;      ;    ;             ;
; Default hold multicycle                                             ; Same as Multicycle ;      ;    ;             ;
; Cut paths between unrelated clock domains                           ; On                 ;      ;    ;             ;
; Cut off read during write signal paths                              ; On                 ;      ;    ;             ;
; Cut off feedback from I/O pins                                      ; On                 ;      ;    ;             ;
; Report Combined Fast/Slow Timing                                    ; Off                ;      ;    ;             ;
; Ignore Clock Settings                                               ; Off                ;      ;    ;             ;
; Analyze latches as synchronous elements                             ; On                 ;      ;    ;             ;
; Enable Recovery/Removal analysis                                    ; Off                ;      ;    ;             ;
; Enable Clock Latency                                                ; Off                ;      ;    ;             ;
; Use TimeQuest Timing Analyzer                                       ; Off                ;      ;    ;             ;
; Number of source nodes to report per destination node               ; 10                 ;      ;    ;             ;
; Number of destination nodes to report                               ; 10                 ;      ;    ;             ;
; Number of paths to report                                           ; 200                ;      ;    ;             ;
; Report Minimum Timing Checks                                        ; Off                ;      ;    ;             ;
; Use Fast Timing Models                                              ; Off                ;      ;    ;             ;
; Report IO Paths Separately                                          ; Off                ;      ;    ;             ;
; Perform Multicorner Analysis                                        ; On                 ;      ;    ;             ;
; Reports the worst-case path for each clock domain and analysis      ; Off                ;      ;    ;             ;
; Removes common clock path pessimism (CCPP) during slack computation ; Off                ;      ;    ;             ;
; Output I/O Timing Endpoint                                          ; Near End           ;      ;    ;             ;
+---------------------------------------------------------------------+--------------------+------+----+-------------+


+------------------------------------------------------------------------------------------------------------------------------------------------------------------------------------+
; Clock Settings Summary                                                                                                                                                             ;
+-----------------+--------------------+----------+------------------+---------------+--------------+----------+-----------------------+---------------------+--------+--------------+
; Clock Node Name ; Clock Setting Name ; Type     ; Fmax Requirement ; Early Latency ; Late Latency ; Based on ; Multiply Base Fmax by ; Divide Base Fmax by ; Offset ; Phase offset ;
+-----------------+--------------------+----------+------------------+---------------+--------------+----------+-----------------------+---------------------+--------+--------------+
; Clk             ;                    ; User Pin ; None             ; 0.000 ns      ; 0.000 ns     ; --       ; N/A                   ; N/A                 ; N/A    ;              ;
+-----------------+--------------------+----------+------------------+---------------+--------------+----------+-----------------------+---------------------+--------+--------------+


+------------------------------------------+
; Parallel Compilation                     ;
+----------------------------+-------------+
; Processors                 ; Number      ;
+----------------------------+-------------+
; Number detected on machine ; 2           ;
; Maximum allowed            ; 2           ;
;                            ;             ;
; Average used               ; 1.00        ;
; Maximum used               ; 1           ;
;                            ;             ;
; Usage by Processor         ; % Time Used ;
;     1 processor            ; 100.0%      ;
;     2 processors           ;   0.0%      ;
+----------------------------+-------------+


+------------------------------------------------------------------------------------------------------------------------------------------------------------------------------------------------------------------------+
; Clock Setup: 'Clk'                                                                                                                                                                                                     ;
+-------+------------------------------------------------+-------------------------+-------------------------+------------+----------+-----------------------------+---------------------------+-------------------------+
; Slack ; Actual fmax (period)                           ; From                    ; To                      ; From Clock ; To Clock ; Required Setup Relationship ; Required Longest P2P Time ; Actual Longest P2P Time ;
+-------+------------------------------------------------+-------------------------+-------------------------+------------+----------+-----------------------------+---------------------------+-------------------------+
; N/A   ; Restricted to 500.00 MHz ( period = 2.000 ns ) ; 74175:inst|13           ; 74175:inst|16           ; Clk        ; Clk      ; None                        ; None                      ; 0.674 ns                ;
; N/A   ; Restricted to 500.00 MHz ( period = 2.000 ns ) ; 74175:inst|15~DUPLICATE ; 74175:inst|16           ; Clk        ; Clk      ; None                        ; None                      ; 0.663 ns                ;
; N/A   ; Restricted to 500.00 MHz ( period = 2.000 ns ) ; 74175:inst|14           ; 74175:inst|13           ; Clk        ; Clk      ; None                        ; None                      ; 0.421 ns                ;
; N/A   ; Restricted to 500.00 MHz ( period = 2.000 ns ) ; 74175:inst|15           ; 74175:inst|14           ; Clk        ; Clk      ; None                        ; None                      ; 0.419 ns                ;
; N/A   ; Restricted to 500.00 MHz ( period = 2.000 ns ) ; 74175:inst|16           ; 74175:inst|15~DUPLICATE ; Clk        ; Clk      ; None                        ; None                      ; 0.419 ns                ;
; N/A   ; Restricted to 500.00 MHz ( period = 2.000 ns ) ; 74175:inst|16           ; 74175:inst|15           ; Clk        ; Clk      ; None                        ; None                      ; 0.418 ns                ;
; N/A   ; Restricted to 500.00 MHz ( period = 2.000 ns ) ; 74175:inst|14           ; 74175:inst|16           ; Clk        ; Clk      ; None                        ; None                      ; 0.417 ns                ;
; N/A   ; Restricted to 500.00 MHz ( period = 2.000 ns ) ; 74175:inst|13           ; inst5                   ; Clk        ; Clk      ; None                        ; None                      ; 0.412 ns                ;
; N/A   ; Restricted to 500.00 MHz ( period = 2.000 ns ) ; 74175:inst|16           ; 74175:inst|16           ; Clk        ; Clk      ; None                        ; None                      ; 0.396 ns                ;
+-------+------------------------------------------------+-------------------------+-------------------------+------------+----------+-----------------------------+---------------------------+-------------------------+


+----------------------------------------------------------------+
; tco                                                            ;
+-------+--------------+------------+-------+-------+------------+
; Slack ; Required tco ; Actual tco ; From  ; To    ; From Clock ;
+-------+--------------+------------+-------+-------+------------+
; N/A   ; None         ; 5.187 ns   ; inst5 ; m_out ; Clk        ;
+-------+--------------+------------+-------+-------+------------+


+--------------------------+
; Timing Analyzer Messages ;
+--------------------------+
Info: *******************************************************************
Info: Running Quartus II Classic Timing Analyzer
    Info: Version 9.0 Build 132 02/25/2009 SJ Full Version
    Info: Processing started: Wed Nov 20 17:05:36 2013
Info: Command: quartus_tan --read_settings_files=off --write_settings_files=off Block1 -c Block1 --timing_analysis_only
Info: Parallel compilation is enabled and will use 2 of the 2 processors detected
Warning: Found pins functioning as undefined clocks and/or memory enables
    Info: Assuming node "Clk" is an undefined clock
Info: Clock "Clk" Internal fmax is restricted to 500.0 MHz between source register "74175:inst|13" and destination register "74175:inst|16"
    Info: fmax restricted to clock pin edge rate 2.0 ns. Expand message to see actual delay path.
        Info: + Longest register to register delay is 0.674 ns
            Info: 1: + IC(0.000 ns) + CELL(0.000 ns) = 0.000 ns; Loc. = LCFF_X2_Y24_N17; Fanout = 2; REG Node = '74175:inst|13'
            Info: 2: + IC(0.247 ns) + CELL(0.272 ns) = 0.519 ns; Loc. = LCCOMB_X2_Y24_N30; Fanout = 1; COMB Node = 'inst1'
            Info: 3: + IC(0.000 ns) + CELL(0.155 ns) = 0.674 ns; Loc. = LCFF_X2_Y24_N31; Fanout = 3; REG Node = '74175:inst|16'
            Info: Total cell delay = 0.427 ns ( 63.35 % )
            Info: Total interconnect delay = 0.247 ns ( 36.65 % )
        Info: - Smallest clock skew is 0.000 ns
            Info: + Shortest clock path from clock "Clk" to destination register is 2.481 ns
                Info: 1: + IC(0.000 ns) + CELL(0.854 ns) = 0.854 ns; Loc. = PIN_N20; Fanout = 1; CLK Node = 'Clk'
                Info: 2: + IC(0.343 ns) + CELL(0.000 ns) = 1.197 ns; Loc. = CLKCTRL_G3; Fanout = 6; COMB Node = 'Clk~clkctrl'
                Info: 3: + IC(0.666 ns) + CELL(0.618 ns) = 2.481 ns; Loc. = LCFF_X2_Y24_N31; Fanout = 3; REG Node = '74175:inst|16'
                Info: Total cell delay = 1.472 ns ( 59.33 % )
                Info: Total interconnect delay = 1.009 ns ( 40.67 % )
            Info: - Longest clock path from clock "Clk" to source register is 2.481 ns
                Info: 1: + IC(0.000 ns) + CELL(0.854 ns) = 0.854 ns; Loc. = PIN_N20; Fanout = 1; CLK Node = 'Clk'
                Info: 2: + IC(0.343 ns) + CELL(0.000 ns) = 1.197 ns; Loc. = CLKCTRL_G3; Fanout = 6; COMB Node = 'Clk~clkctrl'
                Info: 3: + IC(0.666 ns) + CELL(0.618 ns) = 2.481 ns; Loc. = LCFF_X2_Y24_N17; Fanout = 2; REG Node = '74175:inst|13'
                Info: Total cell delay = 1.472 ns ( 59.33 % )
                Info: Total interconnect delay = 1.009 ns ( 40.67 % )
        Info: + Micro clock to output delay of source is 0.094 ns
        Info: + Micro setup delay of destination is 0.090 ns
Info: tco from clock "Clk" to destination pin "m_out" through register "inst5" is 5.187 ns
    Info: + Longest clock path from clock "Clk" to source register is 2.481 ns
        Info: 1: + IC(0.000 ns) + CELL(0.854 ns) = 0.854 ns; Loc. = PIN_N20; Fanout = 1; CLK Node = 'Clk'
        Info: 2: + IC(0.343 ns) + CELL(0.000 ns) = 1.197 ns; Loc. = CLKCTRL_G3; Fanout = 6; COMB Node = 'Clk~clkctrl'
        Info: 3: + IC(0.666 ns) + CELL(0.618 ns) = 2.481 ns; Loc. = LCFF_X2_Y24_N19; Fanout = 1; REG Node = 'inst5'
        Info: Total cell delay = 1.472 ns ( 59.33 % )
        Info: Total interconnect delay = 1.009 ns ( 40.67 % )
    Info: + Micro clock to output delay of source is 0.094 ns
    Info: + Longest register to pin delay is 2.612 ns
        Info: 1: + IC(0.000 ns) + CELL(0.000 ns) = 0.000 ns; Loc. = LCFF_X2_Y24_N19; Fanout = 1; REG Node = 'inst5'
        Info: 2: + IC(0.468 ns) + CELL(2.144 ns) = 2.612 ns; Loc. = PIN_F19; Fanout = 0; PIN Node = 'm_out'
        Info: Total cell delay = 2.144 ns ( 82.08 % )
        Info: Total interconnect delay = 0.468 ns ( 17.92 % )
Info: Quartus II Classic Timing Analyzer was successful. 0 errors, 1 warning
    Info: Peak virtual memory: 184 megabytes
    Info: Processing ended: Wed Nov 20 17:05:36 2013
    Info: Elapsed time: 00:00:00
    Info: Total CPU time (on all processors): 00:00:00


